
*** Running vivado
    with args -log lab8.vds -m64 -product Vivado -mode batch -messageDb vivado.pb -notrace -source lab8.tcl



****** Vivado v2024.1 (64-bit)
  **** SW Build 5076996 on Wed May 22 18:37:14 MDT 2024
  **** IP Build 5075265 on Wed May 22 21:45:21 MDT 2024
  **** SharedData Build 5076995 on Wed May 22 18:29:18 MDT 2024
  **** Start of session at: Mon Nov 11 22:02:19 2024
    ** Copyright 1986-2022 Xilinx, Inc. All Rights Reserved.
    ** Copyright 2022-2024 Advanced Micro Devices, Inc. All Rights Reserved.

source lab8.tcl -notrace
create_project: Time (s): cpu = 00:00:01 ; elapsed = 00:00:06 . Memory (MB): peak = 631.660 ; gain = 203.246
Command: synth_design -top lab8 -part xc7a35ticsg324-1L
Starting synth_design
Attempting to get a license for feature 'Synthesis' and/or device 'xc7a35ti'
INFO: [Common 17-349] Got license for feature 'Synthesis' and/or device 'xc7a35ti'
INFO: [Device 21-403] Loading part xc7a35ticsg324-1L
INFO: [Device 21-9227] Part: xc7a35ticsg324-1L does not have CEAM library.
INFO: [Synth 8-7079] Multithreading enabled for synth_design using a maximum of 2 processes.
INFO: [Synth 8-7078] Launching helper process for spawning children vivado processes
INFO: [Synth 8-7075] Helper process launched with PID 10160
---------------------------------------------------------------------------------
Starting RTL Elaboration : Time (s): cpu = 00:00:01 ; elapsed = 00:00:04 . Memory (MB): peak = 1480.414 ; gain = 446.320
---------------------------------------------------------------------------------
INFO: [Synth 8-6157] synthesizing module 'lab8' [D:/Coding/vivado-projects/NYCU/DLab/lab08/lab8_for_student/lab8.srcs/sources_1/new/lab8.v:33]
INFO: [Synth 8-6157] synthesizing module 'clk_divider' [D:/Coding/vivado-projects/NYCU/DLab/lab08/lab8_for_student/lab8.srcs/sources_1/imports/clk_divider.v:21]
	Parameter divider bound to: 200 - type: integer 
INFO: [Synth 8-6155] done synthesizing module 'clk_divider' (0#1) [D:/Coding/vivado-projects/NYCU/DLab/lab08/lab8_for_student/lab8.srcs/sources_1/imports/clk_divider.v:21]
INFO: [Synth 8-6157] synthesizing module 'debounce' [D:/Coding/vivado-projects/NYCU/DLab/lab08/lab8_for_student/lab8.srcs/sources_1/imports/debounce.v:21]
INFO: [Synth 8-6155] done synthesizing module 'debounce' (0#1) [D:/Coding/vivado-projects/NYCU/DLab/lab08/lab8_for_student/lab8.srcs/sources_1/imports/debounce.v:21]
INFO: [Synth 8-6157] synthesizing module 'LCD_module' [D:/Coding/vivado-projects/NYCU/DLab/lab08/lab8_for_student/lab8.srcs/sources_1/imports/LCD_module.v:13]
INFO: [Synth 8-6155] done synthesizing module 'LCD_module' (0#1) [D:/Coding/vivado-projects/NYCU/DLab/lab08/lab8_for_student/lab8.srcs/sources_1/imports/LCD_module.v:13]
INFO: [Synth 8-6157] synthesizing module 'sd_card' [D:/Coding/vivado-projects/NYCU/DLab/lab08/lab8_for_student/lab8.srcs/sources_1/imports/sd_card.v:19]
INFO: [Synth 8-6155] done synthesizing module 'sd_card' (0#1) [D:/Coding/vivado-projects/NYCU/DLab/lab08/lab8_for_student/lab8.srcs/sources_1/imports/sd_card.v:19]
INFO: [Synth 8-6157] synthesizing module 'sram' [D:/Coding/vivado-projects/NYCU/DLab/lab08/lab8_for_student/lab8.srcs/sources_1/imports/sram.v:6]
INFO: [Synth 8-6155] done synthesizing module 'sram' (0#1) [D:/Coding/vivado-projects/NYCU/DLab/lab08/lab8_for_student/lab8.srcs/sources_1/imports/sram.v:6]
INFO: [Synth 8-6155] done synthesizing module 'lab8' (0#1) [D:/Coding/vivado-projects/NYCU/DLab/lab08/lab8_for_student/lab8.srcs/sources_1/new/lab8.v:33]
WARNING: [Synth 8-3917] design lab8 has port usr_led[3] driven by constant 0
WARNING: [Synth 8-7129] Port usr_btn[3] in module lab8 is either unconnected or has no load
WARNING: [Synth 8-7129] Port usr_btn[1] in module lab8 is either unconnected or has no load
WARNING: [Synth 8-7129] Port usr_btn[0] in module lab8 is either unconnected or has no load
---------------------------------------------------------------------------------
Finished RTL Elaboration : Time (s): cpu = 00:00:02 ; elapsed = 00:00:08 . Memory (MB): peak = 1890.781 ; gain = 856.688
---------------------------------------------------------------------------------
---------------------------------------------------------------------------------
Start Handling Custom Attributes
---------------------------------------------------------------------------------
---------------------------------------------------------------------------------
Finished Handling Custom Attributes : Time (s): cpu = 00:00:02 ; elapsed = 00:00:09 . Memory (MB): peak = 1890.781 ; gain = 856.688
---------------------------------------------------------------------------------
---------------------------------------------------------------------------------
Finished RTL Optimization Phase 1 : Time (s): cpu = 00:00:02 ; elapsed = 00:00:09 . Memory (MB): peak = 1890.781 ; gain = 856.688
---------------------------------------------------------------------------------
Netlist sorting complete. Time (s): cpu = 00:00:00 ; elapsed = 00:00:00.055 . Memory (MB): peak = 1890.781 ; gain = 0.000
INFO: [Project 1-570] Preparing netlist for logic optimization

Processing XDC Constraints
Initializing timing engine
Parsing XDC File [D:/Coding/vivado-projects/NYCU/DLab/lab08/lab8_for_student/lab8.srcs/constrs_1/new/lab8.xdc]
Finished Parsing XDC File [D:/Coding/vivado-projects/NYCU/DLab/lab08/lab8_for_student/lab8.srcs/constrs_1/new/lab8.xdc]
INFO: [Project 1-236] Implementation specific constraints were found while reading constraint file [D:/Coding/vivado-projects/NYCU/DLab/lab08/lab8_for_student/lab8.srcs/constrs_1/new/lab8.xdc]. These constraints will be ignored for synthesis but will be used in implementation. Impacted constraints are listed in the file [.Xil/lab8_propImpl.xdc].
Resolution: To avoid this warning, move constraints listed in [.Xil/lab8_propImpl.xdc] to another XDC file and exclude this new file from synthesis with the used_in_synthesis property (File Properties dialog in GUI) and re-run elaboration/synthesis.
Completed Processing XDC Constraints

Netlist sorting complete. Time (s): cpu = 00:00:00 ; elapsed = 00:00:00.001 . Memory (MB): peak = 1993.918 ; gain = 0.000
INFO: [Project 1-111] Unisim Transformation Summary:
No Unisim elements were transformed.

Constraint Validation Runtime : Time (s): cpu = 00:00:00 ; elapsed = 00:00:00.025 . Memory (MB): peak = 1993.918 ; gain = 0.000
---------------------------------------------------------------------------------
Finished Constraint Validation : Time (s): cpu = 00:00:02 ; elapsed = 00:00:14 . Memory (MB): peak = 1993.918 ; gain = 959.824
---------------------------------------------------------------------------------
---------------------------------------------------------------------------------
Start Loading Part and Timing Information
---------------------------------------------------------------------------------
Loading part: xc7a35ticsg324-1L
---------------------------------------------------------------------------------
Finished Loading Part and Timing Information : Time (s): cpu = 00:00:02 ; elapsed = 00:00:14 . Memory (MB): peak = 1993.918 ; gain = 959.824
---------------------------------------------------------------------------------
---------------------------------------------------------------------------------
Start Applying 'set_property' XDC Constraints
---------------------------------------------------------------------------------
---------------------------------------------------------------------------------
Finished applying 'set_property' XDC Constraints : Time (s): cpu = 00:00:02 ; elapsed = 00:00:14 . Memory (MB): peak = 1993.918 ; gain = 959.824
---------------------------------------------------------------------------------
---------------------------------------------------------------------------------
Finished RTL Optimization Phase 2 : Time (s): cpu = 00:00:03 ; elapsed = 00:00:18 . Memory (MB): peak = 1993.918 ; gain = 959.824
---------------------------------------------------------------------------------
---------------------------------------------------------------------------------
Start RTL Component Statistics 
---------------------------------------------------------------------------------
Detailed RTL Component Info : 
+---Adders : 
	   2 Input   29 Bit       Adders := 1     
	   2 Input   10 Bit       Adders := 2     
	   2 Input    9 Bit       Adders := 3     
	   2 Input    8 Bit       Adders := 14    
	   2 Input    7 Bit       Adders := 8     
	   2 Input    5 Bit       Adders := 1     
	   2 Input    4 Bit       Adders := 2     
+---Registers : 
	              128 Bit    Registers := 2     
	               56 Bit    Registers := 1     
	               40 Bit    Registers := 1     
	               32 Bit    Registers := 4     
	               29 Bit    Registers := 1     
	               10 Bit    Registers := 2     
	                9 Bit    Registers := 4     
	                8 Bit    Registers := 537   
	                5 Bit    Registers := 3     
	                4 Bit    Registers := 6     
	                1 Bit    Registers := 16    
+---RAMs : 
	               4K Bit	(512 X 8 bit)          RAMs := 1     
+---Muxes : 
	   2 Input  128 Bit        Muxes := 3     
	   4 Input  128 Bit        Muxes := 1     
	   5 Input  127 Bit        Muxes := 1     
	   2 Input   29 Bit        Muxes := 1     
	   2 Input    9 Bit        Muxes := 2     
	   2 Input    8 Bit        Muxes := 6     
	   2 Input    6 Bit        Muxes := 1     
	   2 Input    5 Bit        Muxes := 3     
	  13 Input    4 Bit        Muxes := 1     
	   2 Input    4 Bit        Muxes := 4     
	   2 Input    3 Bit        Muxes := 3     
	   2 Input    2 Bit        Muxes := 2     
	  13 Input    1 Bit        Muxes := 2     
	   2 Input    1 Bit        Muxes := 1082  
	  19 Input    1 Bit        Muxes := 11    
	   3 Input    1 Bit        Muxes := 2     
	   6 Input    1 Bit        Muxes := 19    
---------------------------------------------------------------------------------
Finished RTL Component Statistics 
---------------------------------------------------------------------------------
---------------------------------------------------------------------------------
Start Part Resource Summary
---------------------------------------------------------------------------------
Part Resources:
DSPs: 90 (col length:60)
BRAMs: 100 (col length: RAMB18 60 RAMB36 30)
---------------------------------------------------------------------------------
Finished Part Resource Summary
---------------------------------------------------------------------------------
---------------------------------------------------------------------------------
Start Cross Boundary and Area Optimization
---------------------------------------------------------------------------------
WARNING: [Synth 8-7080] Parallel synthesis criteria is not met
WARNING: [Synth 8-3917] design lab8 has port usr_led[3] driven by constant 0
WARNING: [Synth 8-7129] Port usr_btn[3] in module lab8 is either unconnected or has no load
WARNING: [Synth 8-7129] Port usr_btn[1] in module lab8 is either unconnected or has no load
WARNING: [Synth 8-7129] Port usr_btn[0] in module lab8 is either unconnected or has no load
---------------------------------------------------------------------------------
Finished Cross Boundary and Area Optimization : Time (s): cpu = 00:00:04 ; elapsed = 00:00:28 . Memory (MB): peak = 1993.918 ; gain = 959.824
---------------------------------------------------------------------------------
---------------------------------------------------------------------------------
Start ROM, RAM, DSP, Shift Register and Retiming Reporting
---------------------------------------------------------------------------------

Block RAM: Preliminary Mapping Report (see note below)
+------------+--------------+------------------------+---+---+------------------------+---+---+------------------+--------+--------+
|Module Name | RTL Object   | PORT A (Depth x Width) | W | R | PORT B (Depth x Width) | W | R | Ports driving FF | RAMB18 | RAMB36 | 
+------------+--------------+------------------------+---+---+------------------------+---+---+------------------+--------+--------+
|lab8        | ram0/RAM_reg | 512 x 8(WRITE_FIRST)   | W | R |                        |   |   | Port A           | 1      | 0      | 
+------------+--------------+------------------------+---+---+------------------------+---+---+------------------+--------+--------+

Note: The table above is a preliminary report that shows the Block RAMs at the current stage of the synthesis flow. Some Block RAMs may be reimplemented as non Block RAM primitives later in the synthesis flow. Multiple instantiated Block RAMs are reported only once. 
---------------------------------------------------------------------------------
Finished ROM, RAM, DSP, Shift Register and Retiming Reporting
---------------------------------------------------------------------------------
---------------------------------------------------------------------------------
Start Applying XDC Timing Constraints
---------------------------------------------------------------------------------
---------------------------------------------------------------------------------
Finished Applying XDC Timing Constraints : Time (s): cpu = 00:00:05 ; elapsed = 00:00:32 . Memory (MB): peak = 1993.918 ; gain = 959.824
---------------------------------------------------------------------------------
---------------------------------------------------------------------------------
Start Timing Optimization
---------------------------------------------------------------------------------
---------------------------------------------------------------------------------
Finished Timing Optimization : Time (s): cpu = 00:00:05 ; elapsed = 00:00:36 . Memory (MB): peak = 1993.918 ; gain = 959.824
---------------------------------------------------------------------------------
---------------------------------------------------------------------------------
Start ROM, RAM, DSP, Shift Register and Retiming Reporting
---------------------------------------------------------------------------------

Block RAM: Final Mapping Report
+------------+--------------+------------------------+---+---+------------------------+---+---+------------------+--------+--------+
|Module Name | RTL Object   | PORT A (Depth x Width) | W | R | PORT B (Depth x Width) | W | R | Ports driving FF | RAMB18 | RAMB36 | 
+------------+--------------+------------------------+---+---+------------------------+---+---+------------------+--------+--------+
|lab8        | ram0/RAM_reg | 512 x 8(WRITE_FIRST)   | W | R |                        |   |   | Port A           | 1      | 0      | 
+------------+--------------+------------------------+---+---+------------------------+---+---+------------------+--------+--------+

---------------------------------------------------------------------------------
Finished ROM, RAM, DSP, Shift Register and Retiming Reporting
---------------------------------------------------------------------------------
---------------------------------------------------------------------------------
Start Technology Mapping
---------------------------------------------------------------------------------
INFO: [Synth 8-7052] The timing for the instance ram0/RAM_reg (implemented as a Block RAM) might be sub-optimal as no optional output register could be merged into the ram block. Providing additional output register may help in improving timing.
---------------------------------------------------------------------------------
Finished Technology Mapping : Time (s): cpu = 00:00:06 ; elapsed = 00:00:37 . Memory (MB): peak = 1993.918 ; gain = 959.824
---------------------------------------------------------------------------------
---------------------------------------------------------------------------------
Start IO Insertion
---------------------------------------------------------------------------------
---------------------------------------------------------------------------------
Start Flattening Before IO Insertion
---------------------------------------------------------------------------------
---------------------------------------------------------------------------------
Finished Flattening Before IO Insertion
---------------------------------------------------------------------------------
---------------------------------------------------------------------------------
Start Final Netlist Cleanup
---------------------------------------------------------------------------------
---------------------------------------------------------------------------------
Finished Final Netlist Cleanup
---------------------------------------------------------------------------------
---------------------------------------------------------------------------------
Finished IO Insertion : Time (s): cpu = 00:00:06 ; elapsed = 00:00:40 . Memory (MB): peak = 1993.918 ; gain = 959.824
---------------------------------------------------------------------------------
---------------------------------------------------------------------------------
Start Renaming Generated Instances
---------------------------------------------------------------------------------
---------------------------------------------------------------------------------
Finished Renaming Generated Instances : Time (s): cpu = 00:00:06 ; elapsed = 00:00:40 . Memory (MB): peak = 1993.918 ; gain = 959.824
---------------------------------------------------------------------------------
---------------------------------------------------------------------------------
Start Rebuilding User Hierarchy
---------------------------------------------------------------------------------
---------------------------------------------------------------------------------
Finished Rebuilding User Hierarchy : Time (s): cpu = 00:00:06 ; elapsed = 00:00:41 . Memory (MB): peak = 1993.918 ; gain = 959.824
---------------------------------------------------------------------------------
---------------------------------------------------------------------------------
Start Renaming Generated Ports
---------------------------------------------------------------------------------
---------------------------------------------------------------------------------
Finished Renaming Generated Ports : Time (s): cpu = 00:00:06 ; elapsed = 00:00:41 . Memory (MB): peak = 1993.918 ; gain = 959.824
---------------------------------------------------------------------------------
---------------------------------------------------------------------------------
Start Handling Custom Attributes
---------------------------------------------------------------------------------
---------------------------------------------------------------------------------
Finished Handling Custom Attributes : Time (s): cpu = 00:00:06 ; elapsed = 00:00:41 . Memory (MB): peak = 1993.918 ; gain = 959.824
---------------------------------------------------------------------------------
---------------------------------------------------------------------------------
Start Renaming Generated Nets
---------------------------------------------------------------------------------
---------------------------------------------------------------------------------
Finished Renaming Generated Nets : Time (s): cpu = 00:00:06 ; elapsed = 00:00:41 . Memory (MB): peak = 1993.918 ; gain = 959.824
---------------------------------------------------------------------------------
---------------------------------------------------------------------------------
Start Writing Synthesis Report
---------------------------------------------------------------------------------

Report BlackBoxes: 
+-+--------------+----------+
| |BlackBox name |Instances |
+-+--------------+----------+
+-+--------------+----------+

Report Cell Usage: 
+------+---------+------+
|      |Cell     |Count |
+------+---------+------+
|1     |BUFG     |     2|
|2     |CARRY4   |    41|
|3     |LUT1     |    23|
|4     |LUT2     |   160|
|5     |LUT3     |   196|
|6     |LUT4     |   180|
|7     |LUT5     |   241|
|8     |LUT6     |  1862|
|9     |MUXF7    |   557|
|10    |MUXF8    |   273|
|11    |RAMB18E1 |     1|
|12    |FDCE     |   102|
|13    |FDRE     |  4540|
|14    |FDSE     |    76|
|15    |IBUF     |     4|
|16    |OBUF     |    26|
+------+---------+------+
---------------------------------------------------------------------------------
Finished Writing Synthesis Report : Time (s): cpu = 00:00:06 ; elapsed = 00:00:41 . Memory (MB): peak = 1993.918 ; gain = 959.824
---------------------------------------------------------------------------------
Synthesis finished with 0 errors, 0 critical warnings and 5 warnings.
Synthesis Optimization Runtime : Time (s): cpu = 00:00:04 ; elapsed = 00:00:39 . Memory (MB): peak = 1993.918 ; gain = 856.688
Synthesis Optimization Complete : Time (s): cpu = 00:00:06 ; elapsed = 00:00:41 . Memory (MB): peak = 1993.918 ; gain = 959.824
INFO: [Project 1-571] Translating synthesized netlist
Netlist sorting complete. Time (s): cpu = 00:00:00 ; elapsed = 00:00:00.046 . Memory (MB): peak = 1993.918 ; gain = 0.000
INFO: [Netlist 29-17] Analyzing 872 Unisim elements for replacement
INFO: [Netlist 29-28] Unisim Transformation completed in 0 CPU seconds
WARNING: [Netlist 29-101] Netlist 'lab8' is not ideal for floorplanning, since the cellview 'lab8' contains a large number of primitives.  Please consider enabling hierarchy in synthesis if you want to do floorplanning.
INFO: [Project 1-570] Preparing netlist for logic optimization
INFO: [Opt 31-138] Pushed 0 inverter(s) to 0 load pin(s).
Netlist sorting complete. Time (s): cpu = 00:00:00 ; elapsed = 00:00:00 . Memory (MB): peak = 1993.918 ; gain = 0.000
INFO: [Project 1-111] Unisim Transformation Summary:
No Unisim elements were transformed.

Synth Design complete | Checksum: 61089edb
INFO: [Common 17-83] Releasing license: Synthesis
29 Infos, 10 Warnings, 0 Critical Warnings and 0 Errors encountered.
synth_design completed successfully
synth_design: Time (s): cpu = 00:00:07 ; elapsed = 00:00:49 . Memory (MB): peak = 1993.918 ; gain = 1362.258
Write ShapeDB Complete: Time (s): cpu = 00:00:00 ; elapsed = 00:00:00.004 . Memory (MB): peak = 1993.918 ; gain = 0.000
INFO: [Common 17-1381] The checkpoint 'D:/Coding/vivado-projects/NYCU/DLab/lab08/lab8_for_student/lab8.runs/synth_1/lab8.dcp' has been generated.
INFO: [Vivado 12-24828] Executing command : report_utilization -file lab8_utilization_synth.rpt -pb lab8_utilization_synth.pb
INFO: [Common 17-206] Exiting Vivado at Mon Nov 11 22:03:20 2024...
