
*** Running vivado
    with args -log lab5.vds -m64 -product Vivado -mode batch -messageDb vivado.pb -notrace -source lab5.tcl



****** Vivado v2024.1 (64-bit)
  **** SW Build 5076996 on Wed May 22 18:37:14 MDT 2024
  **** IP Build 5075265 on Wed May 22 21:45:21 MDT 2024
  **** SharedData Build 5076995 on Wed May 22 18:29:18 MDT 2024
  **** Start of session at: Tue Oct  8 04:36:57 2024
    ** Copyright 1986-2022 Xilinx, Inc. All Rights Reserved.
    ** Copyright 2022-2024 Advanced Micro Devices, Inc. All Rights Reserved.

source lab5.tcl -notrace
create_project: Time (s): cpu = 00:00:01 ; elapsed = 00:00:05 . Memory (MB): peak = 630.488 ; gain = 200.770
Command: read_checkpoint -auto_incremental -incremental D:/Coding/vivado-projects/NYCU/DLab/lab05/lab5_for_student.srcs/utils_1/imports/synth_1/lab5.dcp
INFO: [Vivado 12-5825] Read reference checkpoint from D:/Coding/vivado-projects/NYCU/DLab/lab05/lab5_for_student.srcs/utils_1/imports/synth_1/lab5.dcp for incremental synthesis
INFO: [Vivado 12-7989] Please ensure there are no constraint changes
Command: synth_design -top lab5 -part xc7a35ticsg324-1L
Starting synth_design
Attempting to get a license for feature 'Synthesis' and/or device 'xc7a35ti'
INFO: [Common 17-349] Got license for feature 'Synthesis' and/or device 'xc7a35ti'
INFO: [Device 21-403] Loading part xc7a35ticsg324-1L
INFO: [Device 21-9227] Part: xc7a35ticsg324-1L does not have CEAM library.
INFO: [Designutils 20-5440] No compile time benefit to using incremental synthesis; A full resynthesis will be run
INFO: [Designutils 20-4379] Flow is switching to default flow due to incremental criteria not met. If you would like to alter this behaviour and have the flow terminate instead, please set the following parameter config_implementation {autoIncr.Synth.RejectBehavior Terminate}
INFO: [Synth 8-7079] Multithreading enabled for synth_design using a maximum of 2 processes.
INFO: [Synth 8-7078] Launching helper process for spawning children vivado processes
INFO: [Synth 8-7075] Helper process launched with PID 59380
---------------------------------------------------------------------------------
Starting RTL Elaboration : Time (s): cpu = 00:00:01 ; elapsed = 00:00:03 . Memory (MB): peak = 1483.438 ; gain = 449.324
---------------------------------------------------------------------------------
INFO: [Synth 8-6157] synthesizing module 'lab5' [D:/Coding/vivado-projects/NYCU/DLab/lab05/lab5_for_student.srcs/sources_1/new/lab5.v:3]
INFO: [Synth 8-6157] synthesizing module 'LCD_module' [D:/Coding/vivado-projects/NYCU/DLab/lab05/lab5_for_student.srcs/sources_1/new/LCD_module.v:13]
INFO: [Synth 8-6155] done synthesizing module 'LCD_module' (0#1) [D:/Coding/vivado-projects/NYCU/DLab/lab05/lab5_for_student.srcs/sources_1/new/LCD_module.v:13]
INFO: [Synth 8-6155] done synthesizing module 'lab5' (0#1) [D:/Coding/vivado-projects/NYCU/DLab/lab05/lab5_for_student.srcs/sources_1/new/lab5.v:3]
WARNING: [Synth 8-7137] Register row_A_reg in module lab5 has both Set and reset with same priority. This may cause simulation mismatches. Consider rewriting code  [D:/Coding/vivado-projects/NYCU/DLab/lab05/lab5_for_student.srcs/sources_1/new/lab5.v:26]
WARNING: [Synth 8-7137] Register row_B_reg in module lab5 has both Set and reset with same priority. This may cause simulation mismatches. Consider rewriting code  [D:/Coding/vivado-projects/NYCU/DLab/lab05/lab5_for_student.srcs/sources_1/new/lab5.v:27]
WARNING: [Synth 8-3917] design lab5 has port usr_led[3] driven by constant 0
WARNING: [Synth 8-3917] design lab5 has port usr_led[2] driven by constant 0
WARNING: [Synth 8-3917] design lab5 has port usr_led[1] driven by constant 0
WARNING: [Synth 8-3917] design lab5 has port usr_led[0] driven by constant 0
WARNING: [Synth 8-7129] Port usr_btn[3] in module lab5 is either unconnected or has no load
WARNING: [Synth 8-7129] Port usr_btn[2] in module lab5 is either unconnected or has no load
WARNING: [Synth 8-7129] Port usr_btn[1] in module lab5 is either unconnected or has no load
WARNING: [Synth 8-7129] Port usr_btn[0] in module lab5 is either unconnected or has no load
---------------------------------------------------------------------------------
Finished RTL Elaboration : Time (s): cpu = 00:00:01 ; elapsed = 00:00:04 . Memory (MB): peak = 1596.059 ; gain = 561.945
---------------------------------------------------------------------------------
---------------------------------------------------------------------------------
Start Handling Custom Attributes
---------------------------------------------------------------------------------
---------------------------------------------------------------------------------
Finished Handling Custom Attributes : Time (s): cpu = 00:00:01 ; elapsed = 00:00:04 . Memory (MB): peak = 1596.059 ; gain = 561.945
---------------------------------------------------------------------------------
---------------------------------------------------------------------------------
Finished RTL Optimization Phase 1 : Time (s): cpu = 00:00:01 ; elapsed = 00:00:04 . Memory (MB): peak = 1596.059 ; gain = 561.945
---------------------------------------------------------------------------------
Netlist sorting complete. Time (s): cpu = 00:00:00 ; elapsed = 00:00:00.009 . Memory (MB): peak = 1596.059 ; gain = 0.000
INFO: [Project 1-570] Preparing netlist for logic optimization

Processing XDC Constraints
Initializing timing engine
Parsing XDC File [D:/Coding/vivado-projects/NYCU/DLab/lab05/lab5_for_student.srcs/constrs_1/new/lab5.xdc]
Finished Parsing XDC File [D:/Coding/vivado-projects/NYCU/DLab/lab05/lab5_for_student.srcs/constrs_1/new/lab5.xdc]
INFO: [Project 1-236] Implementation specific constraints were found while reading constraint file [D:/Coding/vivado-projects/NYCU/DLab/lab05/lab5_for_student.srcs/constrs_1/new/lab5.xdc]. These constraints will be ignored for synthesis but will be used in implementation. Impacted constraints are listed in the file [.Xil/lab5_propImpl.xdc].
Resolution: To avoid this warning, move constraints listed in [.Xil/lab5_propImpl.xdc] to another XDC file and exclude this new file from synthesis with the used_in_synthesis property (File Properties dialog in GUI) and re-run elaboration/synthesis.
Completed Processing XDC Constraints

Netlist sorting complete. Time (s): cpu = 00:00:00 ; elapsed = 00:00:00 . Memory (MB): peak = 1644.457 ; gain = 0.000
INFO: [Project 1-111] Unisim Transformation Summary:
No Unisim elements were transformed.

Constraint Validation Runtime : Time (s): cpu = 00:00:00 ; elapsed = 00:00:00.002 . Memory (MB): peak = 1644.457 ; gain = 0.000
INFO: [Designutils 20-5440] No compile time benefit to using incremental synthesis; A full resynthesis will be run
INFO: [Designutils 20-4379] Flow is switching to default flow due to incremental criteria not met. If you would like to alter this behaviour and have the flow terminate instead, please set the following parameter config_implementation {autoIncr.Synth.RejectBehavior Terminate}
---------------------------------------------------------------------------------
Finished Constraint Validation : Time (s): cpu = 00:00:02 ; elapsed = 00:00:09 . Memory (MB): peak = 1644.457 ; gain = 610.344
---------------------------------------------------------------------------------
---------------------------------------------------------------------------------
Start Loading Part and Timing Information
---------------------------------------------------------------------------------
Loading part: xc7a35ticsg324-1L
---------------------------------------------------------------------------------
Finished Loading Part and Timing Information : Time (s): cpu = 00:00:02 ; elapsed = 00:00:09 . Memory (MB): peak = 1644.457 ; gain = 610.344
---------------------------------------------------------------------------------
---------------------------------------------------------------------------------
Start Applying 'set_property' XDC Constraints
---------------------------------------------------------------------------------
---------------------------------------------------------------------------------
Finished applying 'set_property' XDC Constraints : Time (s): cpu = 00:00:02 ; elapsed = 00:00:09 . Memory (MB): peak = 1644.457 ; gain = 610.344
---------------------------------------------------------------------------------
---------------------------------------------------------------------------------
Finished RTL Optimization Phase 2 : Time (s): cpu = 00:00:02 ; elapsed = 00:00:09 . Memory (MB): peak = 1644.457 ; gain = 610.344
---------------------------------------------------------------------------------
---------------------------------------------------------------------------------
Start RTL Component Statistics 
---------------------------------------------------------------------------------
Detailed RTL Component Info : 
+---Adders : 
	   2 Input   28 Bit       Adders := 1     
	   2 Input   27 Bit       Adders := 1     
	   2 Input    5 Bit       Adders := 1     
	   2 Input    4 Bit       Adders := 3     
+---Registers : 
	              128 Bit    Registers := 3     
	               28 Bit    Registers := 1     
	               27 Bit    Registers := 1     
	                4 Bit    Registers := 12    
	                1 Bit    Registers := 11    
+---Muxes : 
	   2 Input  128 Bit        Muxes := 8     
	   3 Input  126 Bit        Muxes := 1     
	  13 Input    4 Bit        Muxes := 1     
	   2 Input    4 Bit        Muxes := 4     
	  13 Input    1 Bit        Muxes := 2     
	   2 Input    1 Bit        Muxes := 6     
---------------------------------------------------------------------------------
Finished RTL Component Statistics 
---------------------------------------------------------------------------------
---------------------------------------------------------------------------------
Start Part Resource Summary
---------------------------------------------------------------------------------
Part Resources:
DSPs: 90 (col length:60)
BRAMs: 100 (col length: RAMB18 60 RAMB36 30)
---------------------------------------------------------------------------------
Finished Part Resource Summary
---------------------------------------------------------------------------------
---------------------------------------------------------------------------------
Start Cross Boundary and Area Optimization
---------------------------------------------------------------------------------
WARNING: [Synth 8-7080] Parallel synthesis criteria is not met
WARNING: [Synth 8-3917] design lab5 has port usr_led[3] driven by constant 0
WARNING: [Synth 8-3917] design lab5 has port usr_led[2] driven by constant 0
WARNING: [Synth 8-3917] design lab5 has port usr_led[1] driven by constant 0
WARNING: [Synth 8-3917] design lab5 has port usr_led[0] driven by constant 0
WARNING: [Synth 8-7129] Port usr_btn[3] in module lab5 is either unconnected or has no load
WARNING: [Synth 8-7129] Port usr_btn[2] in module lab5 is either unconnected or has no load
WARNING: [Synth 8-7129] Port usr_btn[1] in module lab5 is either unconnected or has no load
WARNING: [Synth 8-7129] Port usr_btn[0] in module lab5 is either unconnected or has no load
---------------------------------------------------------------------------------
Finished Cross Boundary and Area Optimization : Time (s): cpu = 00:00:02 ; elapsed = 00:00:12 . Memory (MB): peak = 1644.457 ; gain = 610.344
---------------------------------------------------------------------------------
---------------------------------------------------------------------------------
Start Applying XDC Timing Constraints
---------------------------------------------------------------------------------
---------------------------------------------------------------------------------
Finished Applying XDC Timing Constraints : Time (s): cpu = 00:00:03 ; elapsed = 00:00:15 . Memory (MB): peak = 1644.457 ; gain = 610.344
---------------------------------------------------------------------------------
---------------------------------------------------------------------------------
Start Timing Optimization
---------------------------------------------------------------------------------
---------------------------------------------------------------------------------
Finished Timing Optimization : Time (s): cpu = 00:00:03 ; elapsed = 00:00:15 . Memory (MB): peak = 1644.457 ; gain = 610.344
---------------------------------------------------------------------------------
---------------------------------------------------------------------------------
Start Technology Mapping
---------------------------------------------------------------------------------
---------------------------------------------------------------------------------
Finished Technology Mapping : Time (s): cpu = 00:00:03 ; elapsed = 00:00:15 . Memory (MB): peak = 1644.457 ; gain = 610.344
---------------------------------------------------------------------------------
---------------------------------------------------------------------------------
Start IO Insertion
---------------------------------------------------------------------------------
---------------------------------------------------------------------------------
Start Flattening Before IO Insertion
---------------------------------------------------------------------------------
---------------------------------------------------------------------------------
Finished Flattening Before IO Insertion
---------------------------------------------------------------------------------
---------------------------------------------------------------------------------
Start Final Netlist Cleanup
---------------------------------------------------------------------------------
---------------------------------------------------------------------------------
Finished Final Netlist Cleanup
---------------------------------------------------------------------------------
---------------------------------------------------------------------------------
Finished IO Insertion : Time (s): cpu = 00:00:03 ; elapsed = 00:00:18 . Memory (MB): peak = 1644.457 ; gain = 610.344
---------------------------------------------------------------------------------
---------------------------------------------------------------------------------
Start Renaming Generated Instances
---------------------------------------------------------------------------------
---------------------------------------------------------------------------------
Finished Renaming Generated Instances : Time (s): cpu = 00:00:03 ; elapsed = 00:00:18 . Memory (MB): peak = 1644.457 ; gain = 610.344
---------------------------------------------------------------------------------
---------------------------------------------------------------------------------
Start Rebuilding User Hierarchy
---------------------------------------------------------------------------------
---------------------------------------------------------------------------------
Finished Rebuilding User Hierarchy : Time (s): cpu = 00:00:03 ; elapsed = 00:00:18 . Memory (MB): peak = 1644.457 ; gain = 610.344
---------------------------------------------------------------------------------
---------------------------------------------------------------------------------
Start Renaming Generated Ports
---------------------------------------------------------------------------------
---------------------------------------------------------------------------------
Finished Renaming Generated Ports : Time (s): cpu = 00:00:03 ; elapsed = 00:00:18 . Memory (MB): peak = 1644.457 ; gain = 610.344
---------------------------------------------------------------------------------
---------------------------------------------------------------------------------
Start Handling Custom Attributes
---------------------------------------------------------------------------------
---------------------------------------------------------------------------------
Finished Handling Custom Attributes : Time (s): cpu = 00:00:03 ; elapsed = 00:00:18 . Memory (MB): peak = 1644.457 ; gain = 610.344
---------------------------------------------------------------------------------
---------------------------------------------------------------------------------
Start Renaming Generated Nets
---------------------------------------------------------------------------------
---------------------------------------------------------------------------------
Finished Renaming Generated Nets : Time (s): cpu = 00:00:03 ; elapsed = 00:00:18 . Memory (MB): peak = 1644.457 ; gain = 610.344
---------------------------------------------------------------------------------
---------------------------------------------------------------------------------
Start Writing Synthesis Report
---------------------------------------------------------------------------------

Report BlackBoxes: 
+-+--------------+----------+
| |BlackBox name |Instances |
+-+--------------+----------+
+-+--------------+----------+

Report Cell Usage: 
+------+-------+------+
|      |Cell   |Count |
+------+-------+------+
|1     |BUFG   |     1|
|2     |CARRY4 |    28|
|3     |LUT1   |     7|
|4     |LUT2   |    62|
|5     |LUT3   |    53|
|6     |LUT4   |   100|
|7     |LUT5   |    37|
|8     |LUT6   |    39|
|9     |MUXF7  |    11|
|10    |MUXF8  |     3|
|11    |FDCE   |   123|
|12    |FDPE   |    51|
|13    |FDRE   |    72|
|14    |FDSE   |     1|
|15    |LDC    |    24|
|16    |IBUF   |     6|
|17    |OBUF   |    11|
+------+-------+------+
---------------------------------------------------------------------------------
Finished Writing Synthesis Report : Time (s): cpu = 00:00:03 ; elapsed = 00:00:18 . Memory (MB): peak = 1644.457 ; gain = 610.344
---------------------------------------------------------------------------------
Synthesis finished with 0 errors, 0 critical warnings and 9 warnings.
Synthesis Optimization Runtime : Time (s): cpu = 00:00:02 ; elapsed = 00:00:17 . Memory (MB): peak = 1644.457 ; gain = 561.945
Synthesis Optimization Complete : Time (s): cpu = 00:00:03 ; elapsed = 00:00:18 . Memory (MB): peak = 1644.457 ; gain = 610.344
INFO: [Project 1-571] Translating synthesized netlist
Netlist sorting complete. Time (s): cpu = 00:00:00 ; elapsed = 00:00:00.004 . Memory (MB): peak = 1644.457 ; gain = 0.000
INFO: [Netlist 29-17] Analyzing 66 Unisim elements for replacement
INFO: [Netlist 29-28] Unisim Transformation completed in 0 CPU seconds
INFO: [Project 1-570] Preparing netlist for logic optimization
INFO: [Opt 31-138] Pushed 0 inverter(s) to 0 load pin(s).
Netlist sorting complete. Time (s): cpu = 00:00:00 ; elapsed = 00:00:00 . Memory (MB): peak = 1644.457 ; gain = 0.000
INFO: [Project 1-111] Unisim Transformation Summary:
  A total of 24 instances were transformed.
  LDC => LDCE: 24 instances

Synth Design complete | Checksum: f9804463
INFO: [Common 17-83] Releasing license: Synthesis
26 Infos, 19 Warnings, 0 Critical Warnings and 0 Errors encountered.
synth_design completed successfully
synth_design: Time (s): cpu = 00:00:03 ; elapsed = 00:00:21 . Memory (MB): peak = 1644.457 ; gain = 1009.168
Write ShapeDB Complete: Time (s): cpu = 00:00:00 ; elapsed = 00:00:00.001 . Memory (MB): peak = 1644.457 ; gain = 0.000
INFO: [Common 17-1381] The checkpoint 'D:/Coding/vivado-projects/NYCU/DLab/lab05/lab5_for_student.runs/synth_1/lab5.dcp' has been generated.
INFO: [Vivado 12-24828] Executing command : report_utilization -file lab5_utilization_synth.rpt -pb lab5_utilization_synth.pb
INFO: [Common 17-206] Exiting Vivado at Tue Oct  8 04:37:25 2024...
