#-----------------------------------------------------------
# Vivado v2020.1 (64-bit)
# SW Build 2902540 on Wed May 27 19:54:49 MDT 2020
# IP Build 2902112 on Wed May 27 22:43:36 MDT 2020
# Start of session at: Thu Nov 19 14:19:18 2020
# Process ID: 7392
# Current directory: C:/Users/Shlab25/Downloads/lab_7/lab_7
# Command line: vivado.exe -gui_launcher_event rodinguilauncherevent9148 C:\Users\Shlab25\Downloads\lab_7\lab_7\lab_7.xpr
# Log file: C:/Users/Shlab25/Downloads/lab_7/lab_7/vivado.log
# Journal file: C:/Users/Shlab25/Downloads/lab_7/lab_7\vivado.jou
#-----------------------------------------------------------
start_gui
open_project C:/Users/Shlab25/Downloads/lab_7/lab_7/lab_7.xpr
INFO: [Project 1-313] Project file moved from 'C:/Users/Good/Desktop/lab_7' since last save.
Scanning sources...
Finished scanning sources
INFO: [Project 1-230] Project 'lab_7.xpr' upgraded for this version of Vivado.
INFO: [IP_Flow 19-234] Refreshing IP repositories
INFO: [IP_Flow 19-1704] No user IP repositories specified
INFO: [IP_Flow 19-2313] Loaded Vivado IP repository 'C:/Xilinx/Vivado/2020.1/data/ip'.
open_project: Time (s): cpu = 00:00:10 ; elapsed = 00:00:07 . Memory (MB): peak = 1000.305 ; gain = 0.000
update_compile_order -fileset sources_1
exit
INFO: [Common 17-206] Exiting Vivado at Thu Nov 19 14:22:27 2020...
