
*** Running vivado
    with args -log lab5.vdi -applog -m64 -product Vivado -messageDb vivado.pb -mode batch -source lab5.tcl -notrace



****** Vivado v2024.1 (64-bit)
  **** SW Build 5076996 on Wed May 22 18:37:14 MDT 2024
  **** IP Build 5075265 on Wed May 22 21:45:21 MDT 2024
  **** SharedData Build 5076995 on Wed May 22 18:29:18 MDT 2024
  **** Start of session at: Tue Oct  8 04:37:32 2024
    ** Copyright 1986-2022 Xilinx, Inc. All Rights Reserved.
    ** Copyright 2022-2024 Advanced Micro Devices, Inc. All Rights Reserved.

source lab5.tcl -notrace
create_project: Time (s): cpu = 00:00:01 ; elapsed = 00:00:05 . Memory (MB): peak = 631.211 ; gain = 202.797
Command: link_design -top lab5 -part xc7a35ticsg324-1L
Design is defaulting to srcset: sources_1
Design is defaulting to constrset: constrs_1
INFO: [Device 21-403] Loading part xc7a35ticsg324-1L
INFO: [Device 21-9227] Part: xc7a35ticsg324-1L does not have CEAM library.
Netlist sorting complete. Time (s): cpu = 00:00:00 ; elapsed = 00:00:00.002 . Memory (MB): peak = 1034.980 ; gain = 0.000
INFO: [Netlist 29-17] Analyzing 42 Unisim elements for replacement
INFO: [Netlist 29-28] Unisim Transformation completed in 0 CPU seconds
INFO: [Project 1-479] Netlist was created with Vivado 2024.1
INFO: [Project 1-570] Preparing netlist for logic optimization
Parsing XDC File [D:/Coding/vivado-projects/NYCU/DLab/lab05/lab5_for_student.srcs/constrs_1/new/lab5.xdc]
Finished Parsing XDC File [D:/Coding/vivado-projects/NYCU/DLab/lab05/lab5_for_student.srcs/constrs_1/new/lab5.xdc]
INFO: [Opt 31-138] Pushed 0 inverter(s) to 0 load pin(s).
Netlist sorting complete. Time (s): cpu = 00:00:00 ; elapsed = 00:00:00 . Memory (MB): peak = 1160.711 ; gain = 0.000
INFO: [Project 1-111] Unisim Transformation Summary:
No Unisim elements were transformed.

8 Infos, 0 Warnings, 0 Critical Warnings and 0 Errors encountered.
link_design completed successfully
Command: opt_design
Attempting to get a license for feature 'Implementation' and/or device 'xc7a35ti'
INFO: [Common 17-349] Got license for feature 'Implementation' and/or device 'xc7a35ti'
Running DRC as a precondition to command opt_design

Starting DRC Task
INFO: [DRC 23-27] Running DRC with 2 threads
INFO: [Project 1-461] DRC finished with 0 Errors
INFO: [Project 1-462] Please refer to the DRC report (report_drc) for more information.

Time (s): cpu = 00:00:01 ; elapsed = 00:00:00.501 . Memory (MB): peak = 1191.234 ; gain = 26.512

Starting Cache Timing Information Task
INFO: [Timing 38-35] Done setting XDC timing constraints.
Ending Cache Timing Information Task | Checksum: 2bf6f12fd

Time (s): cpu = 00:00:01 ; elapsed = 00:00:04 . Memory (MB): peak = 1733.527 ; gain = 542.293

Starting Logic Optimization Task

Phase 1 Initialization

Phase 1.1 Core Generation And Design Setup
Phase 1.1 Core Generation And Design Setup | Checksum: 2bf6f12fd

Time (s): cpu = 00:00:00 ; elapsed = 00:00:00.001 . Memory (MB): peak = 2112.023 ; gain = 0.000

Phase 1.2 Setup Constraints And Sort Netlist
Phase 1.2 Setup Constraints And Sort Netlist | Checksum: 2bf6f12fd

Time (s): cpu = 00:00:00 ; elapsed = 00:00:00.001 . Memory (MB): peak = 2112.023 ; gain = 0.000
Phase 1 Initialization | Checksum: 2bf6f12fd

Time (s): cpu = 00:00:00 ; elapsed = 00:00:00.001 . Memory (MB): peak = 2112.023 ; gain = 0.000

Phase 2 Timer Update And Timing Data Collection

Phase 2.1 Timer Update
Phase 2.1 Timer Update | Checksum: 2bf6f12fd

Time (s): cpu = 00:00:00 ; elapsed = 00:00:00.008 . Memory (MB): peak = 2112.023 ; gain = 0.000

Phase 2.2 Timing Data Collection
Phase 2.2 Timing Data Collection | Checksum: 2bf6f12fd

Time (s): cpu = 00:00:00 ; elapsed = 00:00:00.011 . Memory (MB): peak = 2112.023 ; gain = 0.000
Phase 2 Timer Update And Timing Data Collection | Checksum: 2bf6f12fd

Time (s): cpu = 00:00:00 ; elapsed = 00:00:00.011 . Memory (MB): peak = 2112.023 ; gain = 0.000

Phase 3 Retarget
INFO: [Opt 31-1834] Total Chains To Be Transformed Were: 0 AND Number of Transformed insts Created are: 0
INFO: [Opt 31-138] Pushed 0 inverter(s) to 0 load pin(s).
INFO: [Opt 31-49] Retargeted 0 cell(s).
Phase 3 Retarget | Checksum: 2bf6f12fd

Time (s): cpu = 00:00:00 ; elapsed = 00:00:00.015 . Memory (MB): peak = 2112.023 ; gain = 0.000
Retarget | Checksum: 2bf6f12fd
INFO: [Opt 31-389] Phase Retarget created 0 cells and removed 0 cells

Phase 4 Constant propagation
INFO: [Opt 31-138] Pushed 0 inverter(s) to 0 load pin(s).
Phase 4 Constant propagation | Checksum: 2bf6f12fd

Time (s): cpu = 00:00:00 ; elapsed = 00:00:00.017 . Memory (MB): peak = 2112.023 ; gain = 0.000
Constant propagation | Checksum: 2bf6f12fd
INFO: [Opt 31-389] Phase Constant propagation created 0 cells and removed 0 cells

Phase 5 Sweep
Phase 5 Sweep | Checksum: 2aa7866d9

Time (s): cpu = 00:00:00 ; elapsed = 00:00:00.020 . Memory (MB): peak = 2112.023 ; gain = 0.000
Sweep | Checksum: 2aa7866d9
INFO: [Opt 31-389] Phase Sweep created 0 cells and removed 0 cells

Phase 6 BUFG optimization
Phase 6 BUFG optimization | Checksum: 2aa7866d9

Time (s): cpu = 00:00:00 ; elapsed = 00:00:00.040 . Memory (MB): peak = 2112.023 ; gain = 0.000
BUFG optimization | Checksum: 2aa7866d9
INFO: [Opt 31-662] Phase BUFG optimization created 0 cells of which 0 are BUFGs and removed 0 cells.

Phase 7 Shift Register Optimization
INFO: [Opt 31-1064] SRL Remap converted 0 SRLs to 0 registers and converted 0 registers of register chains to 0 SRLs
Phase 7 Shift Register Optimization | Checksum: 2aa7866d9

Time (s): cpu = 00:00:00 ; elapsed = 00:00:00.041 . Memory (MB): peak = 2112.023 ; gain = 0.000
Shift Register Optimization | Checksum: 2aa7866d9
INFO: [Opt 31-389] Phase Shift Register Optimization created 0 cells and removed 0 cells

Phase 8 Post Processing Netlist
Phase 8 Post Processing Netlist | Checksum: 2aa7866d9

Time (s): cpu = 00:00:00 ; elapsed = 00:00:00.042 . Memory (MB): peak = 2112.023 ; gain = 0.000
Post Processing Netlist | Checksum: 2aa7866d9
INFO: [Opt 31-389] Phase Post Processing Netlist created 0 cells and removed 0 cells

Phase 9 Finalization

Phase 9.1 Finalizing Design Cores and Updating Shapes
Phase 9.1 Finalizing Design Cores and Updating Shapes | Checksum: 257b3ef80

Time (s): cpu = 00:00:00 ; elapsed = 00:00:00.049 . Memory (MB): peak = 2112.023 ; gain = 0.000

Phase 9.2 Verifying Netlist Connectivity

Starting Connectivity Check Task

Time (s): cpu = 00:00:00 ; elapsed = 00:00:00.001 . Memory (MB): peak = 2112.023 ; gain = 0.000
Phase 9.2 Verifying Netlist Connectivity | Checksum: 257b3ef80

Time (s): cpu = 00:00:00 ; elapsed = 00:00:00.050 . Memory (MB): peak = 2112.023 ; gain = 0.000
Phase 9 Finalization | Checksum: 257b3ef80

Time (s): cpu = 00:00:00 ; elapsed = 00:00:00.050 . Memory (MB): peak = 2112.023 ; gain = 0.000
Opt_design Change Summary
=========================


-------------------------------------------------------------------------------------------------------------------------
|  Phase                        |  #Cells created  |  #Cells Removed  |  #Constrained objects preventing optimizations  |
-------------------------------------------------------------------------------------------------------------------------
|  Retarget                     |               0  |               0  |                                              0  |
|  Constant propagation         |               0  |               0  |                                              0  |
|  Sweep                        |               0  |               0  |                                              0  |
|  BUFG optimization            |               0  |               0  |                                              0  |
|  Shift Register Optimization  |               0  |               0  |                                              0  |
|  Post Processing Netlist      |               0  |               0  |                                              0  |
-------------------------------------------------------------------------------------------------------------------------


Ending Logic Optimization Task | Checksum: 257b3ef80

Time (s): cpu = 00:00:00 ; elapsed = 00:00:00.050 . Memory (MB): peak = 2112.023 ; gain = 0.000

Starting Power Optimization Task
INFO: [Pwropt 34-132] Skipping clock gating for clocks with a period < 2.00 ns.
Ending Power Optimization Task | Checksum: 257b3ef80

Time (s): cpu = 00:00:00 ; elapsed = 00:00:00.005 . Memory (MB): peak = 2112.023 ; gain = 0.000

Starting Final Cleanup Task
Ending Final Cleanup Task | Checksum: 257b3ef80

Time (s): cpu = 00:00:00 ; elapsed = 00:00:00 . Memory (MB): peak = 2112.023 ; gain = 0.000

Starting Netlist Obfuscation Task
Netlist sorting complete. Time (s): cpu = 00:00:00 ; elapsed = 00:00:00 . Memory (MB): peak = 2112.023 ; gain = 0.000
Ending Netlist Obfuscation Task | Checksum: 257b3ef80

Time (s): cpu = 00:00:00 ; elapsed = 00:00:00 . Memory (MB): peak = 2112.023 ; gain = 0.000
INFO: [Common 17-83] Releasing license: Implementation
26 Infos, 0 Warnings, 0 Critical Warnings and 0 Errors encountered.
opt_design completed successfully
opt_design: Time (s): cpu = 00:00:03 ; elapsed = 00:00:06 . Memory (MB): peak = 2112.023 ; gain = 947.301
INFO: [Vivado 12-24828] Executing command : report_drc -file lab5_drc_opted.rpt -pb lab5_drc_opted.pb -rpx lab5_drc_opted.rpx
Command: report_drc -file lab5_drc_opted.rpt -pb lab5_drc_opted.pb -rpx lab5_drc_opted.rpx
INFO: [IP_Flow 19-234] Refreshing IP repositories
INFO: [IP_Flow 19-1704] No user IP repositories specified
INFO: [IP_Flow 19-2313] Loaded Vivado IP repository 'D:/Xilinx/Vivado/2024.1/data/ip'.
INFO: [DRC 23-27] Running DRC with 2 threads
INFO: [Vivado_Tcl 2-168] The results of DRC are in file D:/Coding/vivado-projects/NYCU/DLab/lab05/lab5_for_student.runs/impl_1/lab5_drc_opted.rpt.
report_drc completed successfully
INFO: [Timing 38-480] Writing timing data to binary archive.
Write ShapeDB Complete: Time (s): cpu = 00:00:00 ; elapsed = 00:00:00.001 . Memory (MB): peak = 2112.023 ; gain = 0.000
Wrote PlaceDB: Time (s): cpu = 00:00:00 ; elapsed = 00:00:00.001 . Memory (MB): peak = 2112.023 ; gain = 0.000
Wrote PulsedLatchDB: Time (s): cpu = 00:00:00 ; elapsed = 00:00:00 . Memory (MB): peak = 2112.023 ; gain = 0.000
Writing XDEF routing.
Writing XDEF routing logical nets.
Writing XDEF routing special nets.
Wrote RouteStorage: Time (s): cpu = 00:00:00 ; elapsed = 00:00:00.025 . Memory (MB): peak = 2112.023 ; gain = 0.000
Wrote Netlist Cache: Time (s): cpu = 00:00:00 ; elapsed = 00:00:00 . Memory (MB): peak = 2112.023 ; gain = 0.000
Wrote Device Cache: Time (s): cpu = 00:00:00 ; elapsed = 00:00:00.003 . Memory (MB): peak = 2112.023 ; gain = 0.000
Write Physdb Complete: Time (s): cpu = 00:00:00 ; elapsed = 00:00:00.030 . Memory (MB): peak = 2112.023 ; gain = 0.000
INFO: [Common 17-1381] The checkpoint 'D:/Coding/vivado-projects/NYCU/DLab/lab05/lab5_for_student.runs/impl_1/lab5_opt.dcp' has been generated.
Command: place_design
Attempting to get a license for feature 'Implementation' and/or device 'xc7a35ti'
INFO: [Common 17-349] Got license for feature 'Implementation' and/or device 'xc7a35ti'
INFO: [Common 17-83] Releasing license: Implementation
INFO: [DRC 23-27] Running DRC with 2 threads
INFO: [Vivado_Tcl 4-198] DRC finished with 0 Errors
INFO: [Vivado_Tcl 4-199] Please refer to the DRC report (report_drc) for more information.
Running DRC as a precondition to command place_design
INFO: [DRC 23-27] Running DRC with 2 threads
INFO: [Vivado_Tcl 4-198] DRC finished with 0 Errors
INFO: [Vivado_Tcl 4-199] Please refer to the DRC report (report_drc) for more information.
INFO: [Place 30-611] Multithreading enabled for place_design using a maximum of 2 CPUs

Starting Placer Task

Phase 1 Placer Initialization

Phase 1.1 Placer Initialization Netlist Sorting
Netlist sorting complete. Time (s): cpu = 00:00:00 ; elapsed = 00:00:00 . Memory (MB): peak = 2112.023 ; gain = 0.000
Phase 1.1 Placer Initialization Netlist Sorting | Checksum: 1a3923611

Time (s): cpu = 00:00:00 ; elapsed = 00:00:00.001 . Memory (MB): peak = 2112.023 ; gain = 0.000
Netlist sorting complete. Time (s): cpu = 00:00:00 ; elapsed = 00:00:00 . Memory (MB): peak = 2112.023 ; gain = 0.000

Phase 1.2 IO Placement/ Clock Placement/ Build Placer Device
INFO: [Timing 38-35] Done setting XDC timing constraints.
Phase 1.2 IO Placement/ Clock Placement/ Build Placer Device | Checksum: 1db75c987

Time (s): cpu = 00:00:00 ; elapsed = 00:00:00.124 . Memory (MB): peak = 2112.023 ; gain = 0.000

Phase 1.3 Build Placer Netlist Model
Phase 1.3 Build Placer Netlist Model | Checksum: 1e142eb92

Time (s): cpu = 00:00:00 ; elapsed = 00:00:00.196 . Memory (MB): peak = 2112.023 ; gain = 0.000

Phase 1.4 Constrain Clocks/Macros
Phase 1.4 Constrain Clocks/Macros | Checksum: 1e142eb92

Time (s): cpu = 00:00:00 ; elapsed = 00:00:00.198 . Memory (MB): peak = 2112.023 ; gain = 0.000
Phase 1 Placer Initialization | Checksum: 1e142eb92

Time (s): cpu = 00:00:00 ; elapsed = 00:00:00.199 . Memory (MB): peak = 2112.023 ; gain = 0.000

Phase 2 Global Placement

Phase 2.1 Floorplanning
Phase 2.1 Floorplanning | Checksum: 26625e97f

Time (s): cpu = 00:00:00 ; elapsed = 00:00:00.238 . Memory (MB): peak = 2112.023 ; gain = 0.000

Phase 2.2 Update Timing before SLR Path Opt
Phase 2.2 Update Timing before SLR Path Opt | Checksum: 244fbaeb9

Time (s): cpu = 00:00:00 ; elapsed = 00:00:00.267 . Memory (MB): peak = 2112.023 ; gain = 0.000

Phase 2.3 Post-Processing in Floorplanning
Phase 2.3 Post-Processing in Floorplanning | Checksum: 244fbaeb9

Time (s): cpu = 00:00:00 ; elapsed = 00:00:00.268 . Memory (MB): peak = 2112.023 ; gain = 0.000

Phase 2.4 Global Placement Core

Phase 2.4.1 UpdateTiming Before Physical Synthesis
Phase 2.4.1 UpdateTiming Before Physical Synthesis | Checksum: 2b877525d

Time (s): cpu = 00:00:00 ; elapsed = 00:00:00.701 . Memory (MB): peak = 2112.023 ; gain = 0.000

Phase 2.4.2 Physical Synthesis In Placer
INFO: [Physopt 32-1035] Found 0 LUTNM shape to break, 34 LUT instances to create LUTNM shape
INFO: [Physopt 32-1044] Break lutnm for timing: one critical 0, two critical 0, total 0, new lutff created 0
INFO: [Physopt 32-1138] End 1 Pass. Optimized 28 nets or LUTs. Breaked 0 LUT, combined 28 existing LUTs and moved 0 existing LUT
INFO: [Physopt 32-65] No nets found for high-fanout optimization.
INFO: [Physopt 32-232] Optimized 0 net. Created 0 new instance.
INFO: [Physopt 32-775] End 1 Pass. Optimized 0 net or cell. Created 0 new cell, deleted 0 existing cell and moved 0 existing cell
INFO: [Physopt 32-670] No setup violation found.  DSP Register Optimization was not performed.
INFO: [Physopt 32-670] No setup violation found.  Shift Register to Pipeline Optimization was not performed.
INFO: [Physopt 32-670] No setup violation found.  Shift Register Optimization was not performed.
INFO: [Physopt 32-670] No setup violation found.  BRAM Register Optimization was not performed.
INFO: [Physopt 32-670] No setup violation found.  URAM Register Optimization was not performed.
INFO: [Physopt 32-949] No candidate nets found for dynamic/static region interface net replication
INFO: [Physopt 32-775] End 1 Pass. Optimized 0 net or cell. Created 0 new cell, deleted 0 existing cell and moved 0 existing cell
Netlist sorting complete. Time (s): cpu = 00:00:00 ; elapsed = 00:00:00 . Memory (MB): peak = 2112.023 ; gain = 0.000

Summary of Physical Synthesis Optimizations
============================================


-----------------------------------------------------------------------------------------------------------------------------------------------------------
|  Optimization                                     |  Added Cells  |  Removed Cells  |  Optimized Cells/Nets  |  Dont Touch  |  Iterations  |  Elapsed   |
-----------------------------------------------------------------------------------------------------------------------------------------------------------
|  LUT Combining                                    |            0  |             28  |                    28  |           0  |           1  |  00:00:00  |
|  Retime                                           |            0  |              0  |                     0  |           0  |           1  |  00:00:00  |
|  Very High Fanout                                 |            0  |              0  |                     0  |           0  |           1  |  00:00:00  |
|  DSP Register                                     |            0  |              0  |                     0  |           0  |           0  |  00:00:00  |
|  Shift Register to Pipeline                       |            0  |              0  |                     0  |           0  |           0  |  00:00:00  |
|  Shift Register                                   |            0  |              0  |                     0  |           0  |           0  |  00:00:00  |
|  BRAM Register                                    |            0  |              0  |                     0  |           0  |           0  |  00:00:00  |
|  URAM Register                                    |            0  |              0  |                     0  |           0  |           0  |  00:00:00  |
|  Dynamic/Static Region Interface Net Replication  |            0  |              0  |                     0  |           0  |           1  |  00:00:00  |
|  Total                                            |            0  |             28  |                    28  |           0  |           4  |  00:00:00  |
-----------------------------------------------------------------------------------------------------------------------------------------------------------


Phase 2.4.2 Physical Synthesis In Placer | Checksum: 179595cf5

Time (s): cpu = 00:00:00 ; elapsed = 00:00:00.761 . Memory (MB): peak = 2112.023 ; gain = 0.000
Phase 2.4 Global Placement Core | Checksum: 1f7a2836f

Time (s): cpu = 00:00:00 ; elapsed = 00:00:00.783 . Memory (MB): peak = 2112.023 ; gain = 0.000
Phase 2 Global Placement | Checksum: 1f7a2836f

Time (s): cpu = 00:00:00 ; elapsed = 00:00:00.784 . Memory (MB): peak = 2112.023 ; gain = 0.000

Phase 3 Detail Placement

Phase 3.1 Commit Multi Column Macros
Phase 3.1 Commit Multi Column Macros | Checksum: 15259a2ad

Time (s): cpu = 00:00:00 ; elapsed = 00:00:00.814 . Memory (MB): peak = 2112.023 ; gain = 0.000

Phase 3.2 Commit Most Macros & LUTRAMs
Phase 3.2 Commit Most Macros & LUTRAMs | Checksum: 1690a3c00

Time (s): cpu = 00:00:00 ; elapsed = 00:00:00.869 . Memory (MB): peak = 2112.023 ; gain = 0.000

Phase 3.3 Area Swap Optimization
Phase 3.3 Area Swap Optimization | Checksum: 1e6b61421

Time (s): cpu = 00:00:00 ; elapsed = 00:00:00.873 . Memory (MB): peak = 2112.023 ; gain = 0.000

Phase 3.4 Pipeline Register Optimization
Phase 3.4 Pipeline Register Optimization | Checksum: 164606f28

Time (s): cpu = 00:00:00 ; elapsed = 00:00:00.873 . Memory (MB): peak = 2112.023 ; gain = 0.000

Phase 3.5 Small Shape Detail Placement
Phase 3.5 Small Shape Detail Placement | Checksum: 1d5889d66

Time (s): cpu = 00:00:00 ; elapsed = 00:00:00.976 . Memory (MB): peak = 2112.023 ; gain = 0.000

Phase 3.6 Re-assign LUT pins
Phase 3.6 Re-assign LUT pins | Checksum: 225f5ef38

Time (s): cpu = 00:00:00 ; elapsed = 00:00:00.986 . Memory (MB): peak = 2112.023 ; gain = 0.000

Phase 3.7 Pipeline Register Optimization
Phase 3.7 Pipeline Register Optimization | Checksum: 1a047702f

Time (s): cpu = 00:00:00 ; elapsed = 00:00:00.987 . Memory (MB): peak = 2112.023 ; gain = 0.000
Phase 3 Detail Placement | Checksum: 1a047702f

Time (s): cpu = 00:00:00 ; elapsed = 00:00:00.988 . Memory (MB): peak = 2112.023 ; gain = 0.000

Phase 4 Post Placement Optimization and Clean-Up

Phase 4.1 Post Commit Optimization
INFO: [Timing 38-35] Done setting XDC timing constraints.

Phase 4.1.1 Post Placement Optimization
Post Placement Optimization Initialization | Checksum: 219465ef6

Phase 4.1.1.1 BUFG Insertion

Starting Physical Synthesis Task

Phase 1 Physical Synthesis Initialization
INFO: [Physopt 32-721] Multithreading enabled for phys_opt_design using a maximum of 2 CPUs
INFO: [Physopt 32-619] Estimated Timing Summary | WNS=5.873 | TNS=0.000 |
Phase 1 Physical Synthesis Initialization | Checksum: 1916e779c

Time (s): cpu = 00:00:00 ; elapsed = 00:00:00.012 . Memory (MB): peak = 2112.023 ; gain = 0.000
INFO: [Place 46-56] BUFG insertion identified 0 candidate nets. Inserted BUFG: 0, Replicated BUFG Driver: 0, Skipped due to Placement/Routing Conflicts: 0, Skipped due to Timing Degradation: 0, Skipped due to netlist editing failed: 0.
Ending Physical Synthesis Task | Checksum: 27ee68321

Time (s): cpu = 00:00:00 ; elapsed = 00:00:00.013 . Memory (MB): peak = 2112.023 ; gain = 0.000
Phase 4.1.1.1 BUFG Insertion | Checksum: 219465ef6

Time (s): cpu = 00:00:00 ; elapsed = 00:00:01 . Memory (MB): peak = 2112.023 ; gain = 0.000

Phase 4.1.1.2 Post Placement Timing Optimization
INFO: [Place 30-746] Post Placement Timing Summary WNS=5.873. For the most accurate timing information please run report_timing.
Phase 4.1.1.2 Post Placement Timing Optimization | Checksum: 1f21df75a

Time (s): cpu = 00:00:00 ; elapsed = 00:00:01 . Memory (MB): peak = 2112.023 ; gain = 0.000

Time (s): cpu = 00:00:00 ; elapsed = 00:00:01 . Memory (MB): peak = 2112.023 ; gain = 0.000
Phase 4.1 Post Commit Optimization | Checksum: 1f21df75a

Time (s): cpu = 00:00:00 ; elapsed = 00:00:01 . Memory (MB): peak = 2112.023 ; gain = 0.000

Phase 4.2 Post Placement Cleanup
Phase 4.2 Post Placement Cleanup | Checksum: 1f21df75a

Time (s): cpu = 00:00:00 ; elapsed = 00:00:01 . Memory (MB): peak = 2112.023 ; gain = 0.000

Phase 4.3 Placer Reporting

Phase 4.3.1 Print Estimated Congestion
INFO: [Place 30-612] Post-Placement Estimated Congestion 
 ____________________________________________________
|           | Global Congestion | Short Congestion  |
| Direction | Region Size       | Region Size       |
|___________|___________________|___________________|
|      North|                1x1|                1x1|
|___________|___________________|___________________|
|      South|                1x1|                1x1|
|___________|___________________|___________________|
|       East|                1x1|                1x1|
|___________|___________________|___________________|
|       West|                1x1|                1x1|
|___________|___________________|___________________|

Phase 4.3.1 Print Estimated Congestion | Checksum: 1f21df75a

Time (s): cpu = 00:00:00 ; elapsed = 00:00:01 . Memory (MB): peak = 2112.023 ; gain = 0.000
Phase 4.3 Placer Reporting | Checksum: 1f21df75a

Time (s): cpu = 00:00:00 ; elapsed = 00:00:01 . Memory (MB): peak = 2112.023 ; gain = 0.000

Phase 4.4 Final Placement Cleanup
Netlist sorting complete. Time (s): cpu = 00:00:00 ; elapsed = 00:00:00 . Memory (MB): peak = 2112.023 ; gain = 0.000

Time (s): cpu = 00:00:00 ; elapsed = 00:00:01 . Memory (MB): peak = 2112.023 ; gain = 0.000
Phase 4 Post Placement Optimization and Clean-Up | Checksum: 1dab4d041

Time (s): cpu = 00:00:00 ; elapsed = 00:00:01 . Memory (MB): peak = 2112.023 ; gain = 0.000
Ending Placer Task | Checksum: 1b35ba299

Time (s): cpu = 00:00:00 ; elapsed = 00:00:01 . Memory (MB): peak = 2112.023 ; gain = 0.000
63 Infos, 0 Warnings, 0 Critical Warnings and 0 Errors encountered.
place_design completed successfully
INFO: [Vivado 12-24838] Running report commands "report_control_sets, report_io, report_utilization" in parallel.
Running report generation with 2 threads.
INFO: [Vivado 12-24828] Executing command : report_utilization -file lab5_utilization_placed.rpt -pb lab5_utilization_placed.pb
INFO: [Vivado 12-24828] Executing command : report_control_sets -verbose -file lab5_control_sets_placed.rpt
report_control_sets: Time (s): cpu = 00:00:00 ; elapsed = 00:00:00.003 . Memory (MB): peak = 2112.023 ; gain = 0.000
INFO: [Vivado 12-24828] Executing command : report_io -file lab5_io_placed.rpt
report_io: Time (s): cpu = 00:00:00 ; elapsed = 00:00:00.029 . Memory (MB): peak = 2112.023 ; gain = 0.000
INFO: [Timing 38-480] Writing timing data to binary archive.
Write ShapeDB Complete: Time (s): cpu = 00:00:00 ; elapsed = 00:00:00.001 . Memory (MB): peak = 2112.023 ; gain = 0.000
Wrote PlaceDB: Time (s): cpu = 00:00:00 ; elapsed = 00:00:00.020 . Memory (MB): peak = 2112.023 ; gain = 0.000
Wrote PulsedLatchDB: Time (s): cpu = 00:00:00 ; elapsed = 00:00:00 . Memory (MB): peak = 2112.023 ; gain = 0.000
Writing XDEF routing.
Writing XDEF routing logical nets.
Writing XDEF routing special nets.
Wrote RouteStorage: Time (s): cpu = 00:00:00 ; elapsed = 00:00:00.010 . Memory (MB): peak = 2112.023 ; gain = 0.000
Wrote Netlist Cache: Time (s): cpu = 00:00:00 ; elapsed = 00:00:00.001 . Memory (MB): peak = 2112.023 ; gain = 0.000
Wrote Device Cache: Time (s): cpu = 00:00:00 ; elapsed = 00:00:00.003 . Memory (MB): peak = 2112.023 ; gain = 0.000
Write Physdb Complete: Time (s): cpu = 00:00:00 ; elapsed = 00:00:00.036 . Memory (MB): peak = 2112.023 ; gain = 0.000
INFO: [Common 17-1381] The checkpoint 'D:/Coding/vivado-projects/NYCU/DLab/lab05/lab5_for_student.runs/impl_1/lab5_placed.dcp' has been generated.
Command: phys_opt_design
Attempting to get a license for feature 'Implementation' and/or device 'xc7a35ti'
INFO: [Common 17-349] Got license for feature 'Implementation' and/or device 'xc7a35ti'

Starting Initial Update Timing Task

Time (s): cpu = 00:00:00 ; elapsed = 00:00:00.040 . Memory (MB): peak = 2115.691 ; gain = 3.668
INFO: [Vivado_Tcl 4-2279] Estimated Timing Summary | WNS= 5.873 | TNS= 0.000 | 
INFO: [Vivado_Tcl 4-383] Design worst setup slack (WNS) is greater than or equal to 0.000 ns. All physical synthesis setup optimizations will be skipped.
INFO: [Vivado_Tcl 4-232] No setup violation found. The netlist was not modified.
INFO: [Common 17-83] Releasing license: Implementation
74 Infos, 0 Warnings, 0 Critical Warnings and 0 Errors encountered.
phys_opt_design completed successfully
INFO: [Timing 38-480] Writing timing data to binary archive.
Write ShapeDB Complete: Time (s): cpu = 00:00:00 ; elapsed = 00:00:00.001 . Memory (MB): peak = 2133.598 ; gain = 0.016
Wrote PlaceDB: Time (s): cpu = 00:00:00 ; elapsed = 00:00:00.019 . Memory (MB): peak = 2133.598 ; gain = 0.000
Wrote PulsedLatchDB: Time (s): cpu = 00:00:00 ; elapsed = 00:00:00 . Memory (MB): peak = 2133.598 ; gain = 0.000
Writing XDEF routing.
Writing XDEF routing logical nets.
Writing XDEF routing special nets.
Wrote RouteStorage: Time (s): cpu = 00:00:00 ; elapsed = 00:00:00.010 . Memory (MB): peak = 2133.598 ; gain = 0.000
Wrote Netlist Cache: Time (s): cpu = 00:00:00 ; elapsed = 00:00:00 . Memory (MB): peak = 2133.598 ; gain = 0.000
Wrote Device Cache: Time (s): cpu = 00:00:00 ; elapsed = 00:00:00.003 . Memory (MB): peak = 2133.598 ; gain = 0.000
Write Physdb Complete: Time (s): cpu = 00:00:00 ; elapsed = 00:00:00.035 . Memory (MB): peak = 2133.598 ; gain = 0.000
INFO: [Common 17-1381] The checkpoint 'D:/Coding/vivado-projects/NYCU/DLab/lab05/lab5_for_student.runs/impl_1/lab5_physopt.dcp' has been generated.
Command: route_design
Attempting to get a license for feature 'Implementation' and/or device 'xc7a35ti'
INFO: [Common 17-349] Got license for feature 'Implementation' and/or device 'xc7a35ti'
Running DRC as a precondition to command route_design
INFO: [DRC 23-27] Running DRC with 2 threads
INFO: [Vivado_Tcl 4-198] DRC finished with 0 Errors
INFO: [Vivado_Tcl 4-199] Please refer to the DRC report (report_drc) for more information.


Starting Routing Task
INFO: [Route 35-254] Multithreading enabled for route_design using a maximum of 8 CPUs

Phase 1 Build RT Design
Checksum: PlaceDB: 9b784472 ConstDB: 0 ShapeSum: 776201d0 RouteDB: a0815c57
Post Restoration Checksum: NetGraph: 1767a765 | NumContArr: b719c7a7 | Constraints: c2a8fa9d | Timing: c2a8fa9d
Phase 1 Build RT Design | Checksum: 253d36446

Time (s): cpu = 00:00:03 ; elapsed = 00:00:10 . Memory (MB): peak = 2231.875 ; gain = 86.852

Phase 2 Router Initialization

Phase 2.1 Fix Topology Constraints
Phase 2.1 Fix Topology Constraints | Checksum: 253d36446

Time (s): cpu = 00:00:03 ; elapsed = 00:00:10 . Memory (MB): peak = 2231.875 ; gain = 86.852

Phase 2.2 Pre Route Cleanup
Phase 2.2 Pre Route Cleanup | Checksum: 253d36446

Time (s): cpu = 00:00:03 ; elapsed = 00:00:10 . Memory (MB): peak = 2231.875 ; gain = 86.852
 Number of Nodes with overlaps = 0

Phase 2.3 Update Timing
Phase 2.3 Update Timing | Checksum: 1ccc07c51

Time (s): cpu = 00:00:03 ; elapsed = 00:00:10 . Memory (MB): peak = 2284.371 ; gain = 139.348
INFO: [Route 35-416] Intermediate Timing Summary | WNS=5.817  | TNS=0.000  | WHS=-0.072 | THS=-0.788 |


Router Utilization Summary
  Global Vertical Routing Utilization    = 0.0149087 %
  Global Horizontal Routing Utilization  = 0.0176991 %
  Routable Net Status*
  *Does not include unroutable nets such as driverless and loadless.
  Run report_route_status for detailed report.
  Number of Failed Nets               = 528
    (Failed Nets is the sum of unrouted and partially routed nets)
  Number of Unrouted Nets             = 477
  Number of Partially Routed Nets     = 51
  Number of Node Overlaps             = 30

Phase 2 Router Initialization | Checksum: 231942dfe

Time (s): cpu = 00:00:03 ; elapsed = 00:00:10 . Memory (MB): peak = 2284.371 ; gain = 139.348

Phase 3 Global Routing
Phase 3 Global Routing | Checksum: 231942dfe

Time (s): cpu = 00:00:03 ; elapsed = 00:00:10 . Memory (MB): peak = 2284.371 ; gain = 139.348

Phase 4 Initial Routing

Phase 4.1 Initial Net Routing Pass
Phase 4.1 Initial Net Routing Pass | Checksum: 20957ffd4

Time (s): cpu = 00:00:03 ; elapsed = 00:00:10 . Memory (MB): peak = 2284.371 ; gain = 139.348
Phase 4 Initial Routing | Checksum: 20957ffd4

Time (s): cpu = 00:00:03 ; elapsed = 00:00:10 . Memory (MB): peak = 2284.371 ; gain = 139.348

Phase 5 Rip-up And Reroute

Phase 5.1 Global Iteration 0
 Number of Nodes with overlaps = 19
 Number of Nodes with overlaps = 0
INFO: [Route 35-416] Intermediate Timing Summary | WNS=4.983  | TNS=0.000  | WHS=N/A    | THS=N/A    |

Phase 5.1 Global Iteration 0 | Checksum: 25fe609f2

Time (s): cpu = 00:00:03 ; elapsed = 00:00:10 . Memory (MB): peak = 2284.371 ; gain = 139.348

Phase 5.2 Global Iteration 1
 Number of Nodes with overlaps = 1
 Number of Nodes with overlaps = 0
INFO: [Route 35-416] Intermediate Timing Summary | WNS=4.983  | TNS=0.000  | WHS=N/A    | THS=N/A    |

Phase 5.2 Global Iteration 1 | Checksum: 1e705c446

Time (s): cpu = 00:00:03 ; elapsed = 00:00:10 . Memory (MB): peak = 2284.371 ; gain = 139.348
Phase 5 Rip-up And Reroute | Checksum: 1e705c446

Time (s): cpu = 00:00:03 ; elapsed = 00:00:10 . Memory (MB): peak = 2284.371 ; gain = 139.348

Phase 6 Delay and Skew Optimization

Phase 6.1 Delay CleanUp
Phase 6.1 Delay CleanUp | Checksum: 1e705c446

Time (s): cpu = 00:00:03 ; elapsed = 00:00:10 . Memory (MB): peak = 2284.371 ; gain = 139.348

Phase 6.2 Clock Skew Optimization
Phase 6.2 Clock Skew Optimization | Checksum: 1e705c446

Time (s): cpu = 00:00:03 ; elapsed = 00:00:10 . Memory (MB): peak = 2284.371 ; gain = 139.348
Phase 6 Delay and Skew Optimization | Checksum: 1e705c446

Time (s): cpu = 00:00:03 ; elapsed = 00:00:10 . Memory (MB): peak = 2284.371 ; gain = 139.348

Phase 7 Post Hold Fix

Phase 7.1 Hold Fix Iter
INFO: [Route 35-416] Intermediate Timing Summary | WNS=5.063  | TNS=0.000  | WHS=0.169  | THS=0.000  |

Phase 7.1 Hold Fix Iter | Checksum: 20b807c85

Time (s): cpu = 00:00:03 ; elapsed = 00:00:10 . Memory (MB): peak = 2284.371 ; gain = 139.348
Phase 7 Post Hold Fix | Checksum: 20b807c85

Time (s): cpu = 00:00:03 ; elapsed = 00:00:10 . Memory (MB): peak = 2284.371 ; gain = 139.348

Phase 8 Route finalize

Router Utilization Summary
  Global Vertical Routing Utilization    = 0.12206 %
  Global Horizontal Routing Utilization  = 0.0968246 %
  Routable Net Status*
  *Does not include unroutable nets such as driverless and loadless.
  Run report_route_status for detailed report.
  Number of Failed Nets               = 0
    (Failed Nets is the sum of unrouted and partially routed nets)
  Number of Unrouted Nets             = 0
  Number of Partially Routed Nets     = 0
  Number of Node Overlaps             = 0

Phase 8 Route finalize | Checksum: 20b807c85

Time (s): cpu = 00:00:03 ; elapsed = 00:00:10 . Memory (MB): peak = 2284.371 ; gain = 139.348

Phase 9 Verifying routed nets

 Verification completed successfully
Phase 9 Verifying routed nets | Checksum: 20b807c85

Time (s): cpu = 00:00:03 ; elapsed = 00:00:10 . Memory (MB): peak = 2284.371 ; gain = 139.348

Phase 10 Depositing Routes
Phase 10 Depositing Routes | Checksum: 2e8568fd1

Time (s): cpu = 00:00:03 ; elapsed = 00:00:10 . Memory (MB): peak = 2284.371 ; gain = 139.348

Phase 11 Post Process Routing
Phase 11 Post Process Routing | Checksum: 2e8568fd1

Time (s): cpu = 00:00:03 ; elapsed = 00:00:10 . Memory (MB): peak = 2284.371 ; gain = 139.348

Phase 12 Post Router Timing
INFO: [Route 35-57] Estimated Timing Summary | WNS=5.063  | TNS=0.000  | WHS=0.169  | THS=0.000  |

INFO: [Route 35-327] The final timing numbers are based on the router estimated timing analysis. For a complete and accurate timing signoff, please run report_timing_summary.
Phase 12 Post Router Timing | Checksum: 2e8568fd1

Time (s): cpu = 00:00:03 ; elapsed = 00:00:10 . Memory (MB): peak = 2284.371 ; gain = 139.348
Total Elapsed time in route_design: 9.909 secs

Phase 13 Post-Route Event Processing
Phase 13 Post-Route Event Processing | Checksum: 15b6323ab

Time (s): cpu = 00:00:03 ; elapsed = 00:00:10 . Memory (MB): peak = 2284.371 ; gain = 139.348
INFO: [Route 35-16] Router Completed Successfully
Ending Routing Task | Checksum: 15b6323ab

Time (s): cpu = 00:00:03 ; elapsed = 00:00:10 . Memory (MB): peak = 2284.371 ; gain = 139.348

Routing Is Done.
INFO: [Common 17-83] Releasing license: Implementation
89 Infos, 0 Warnings, 0 Critical Warnings and 0 Errors encountered.
route_design completed successfully
route_design: Time (s): cpu = 00:00:03 ; elapsed = 00:00:10 . Memory (MB): peak = 2284.371 ; gain = 150.773
INFO: [Vivado 12-24828] Executing command : report_drc -file lab5_drc_routed.rpt -pb lab5_drc_routed.pb -rpx lab5_drc_routed.rpx
Command: report_drc -file lab5_drc_routed.rpt -pb lab5_drc_routed.pb -rpx lab5_drc_routed.rpx
INFO: [IP_Flow 19-1839] IP Catalog is up to date.
INFO: [DRC 23-27] Running DRC with 2 threads
INFO: [Vivado_Tcl 2-168] The results of DRC are in file D:/Coding/vivado-projects/NYCU/DLab/lab05/lab5_for_student.runs/impl_1/lab5_drc_routed.rpt.
report_drc completed successfully
INFO: [Vivado 12-24828] Executing command : report_methodology -file lab5_methodology_drc_routed.rpt -pb lab5_methodology_drc_routed.pb -rpx lab5_methodology_drc_routed.rpx
Command: report_methodology -file lab5_methodology_drc_routed.rpt -pb lab5_methodology_drc_routed.pb -rpx lab5_methodology_drc_routed.rpx
INFO: [Timing 38-35] Done setting XDC timing constraints.
INFO: [DRC 23-133] Running Methodology with 2 threads
INFO: [Vivado_Tcl 2-1520] The results of Report Methodology are in file D:/Coding/vivado-projects/NYCU/DLab/lab05/lab5_for_student.runs/impl_1/lab5_methodology_drc_routed.rpt.
report_methodology completed successfully
INFO: [Vivado 12-24828] Executing command : report_timing_summary -max_paths 10 -report_unconstrained -file lab5_timing_summary_routed.rpt -pb lab5_timing_summary_routed.pb -rpx lab5_timing_summary_routed.rpx -warn_on_violation 
INFO: [Timing 38-35] Done setting XDC timing constraints.
INFO: [Timing 38-91] UpdateTimingParams: Speed grade: -1L, Delay Type: min_max.
INFO: [Timing 38-191] Multithreading enabled for timing update using a maximum of 2 CPUs
INFO: [Vivado 12-24838] Running report commands "report_incremental_reuse, report_route_status" in parallel.
Running report generation with 2 threads.
INFO: [Vivado 12-24828] Executing command : report_incremental_reuse -file lab5_incremental_reuse_routed.rpt
INFO: [Vivado_Tcl 4-1062] Incremental flow is disabled. No incremental reuse Info to report.
INFO: [Vivado 12-24828] Executing command : report_route_status -file lab5_route_status.rpt -pb lab5_route_status.pb
INFO: [Vivado 12-24828] Executing command : report_power -file lab5_power_routed.rpt -pb lab5_power_summary_routed.pb -rpx lab5_power_routed.rpx
Command: report_power -file lab5_power_routed.rpt -pb lab5_power_summary_routed.pb -rpx lab5_power_routed.rpx
Running Vector-less Activity Propagation...

Finished Running Vector-less Activity Propagation
106 Infos, 0 Warnings, 0 Critical Warnings and 0 Errors encountered.
report_power completed successfully
INFO: [Vivado 12-24828] Executing command : report_clock_utilization -file lab5_clock_utilization_routed.rpt
WARNING: [Device 21-9320] Failed to find the Oracle tile group with name 'HSR_BOUNDARY_TOP'. This is required for Clock regions and Virtual grid.
WARNING: [Device 21-2174] Failed to initialize Virtual grid.
INFO: [Vivado 12-24828] Executing command : report_bus_skew -warn_on_violation -file lab5_bus_skew_routed.rpt -pb lab5_bus_skew_routed.pb -rpx lab5_bus_skew_routed.rpx
INFO: [Timing 38-91] UpdateTimingParams: Speed grade: -1L, Delay Type: min_max.
INFO: [Timing 38-191] Multithreading enabled for timing update using a maximum of 2 CPUs
INFO: [Timing 38-480] Writing timing data to binary archive.
Write ShapeDB Complete: Time (s): cpu = 00:00:00 ; elapsed = 00:00:00.001 . Memory (MB): peak = 2289.855 ; gain = 0.000
Wrote PlaceDB: Time (s): cpu = 00:00:00 ; elapsed = 00:00:00.020 . Memory (MB): peak = 2289.855 ; gain = 0.000
Wrote PulsedLatchDB: Time (s): cpu = 00:00:00 ; elapsed = 00:00:00 . Memory (MB): peak = 2289.855 ; gain = 0.000
Writing XDEF routing.
Writing XDEF routing logical nets.
Writing XDEF routing special nets.
Wrote RouteStorage: Time (s): cpu = 00:00:00 ; elapsed = 00:00:00.015 . Memory (MB): peak = 2289.855 ; gain = 0.000
Wrote Netlist Cache: Time (s): cpu = 00:00:00 ; elapsed = 00:00:00 . Memory (MB): peak = 2289.855 ; gain = 0.000
Wrote Device Cache: Time (s): cpu = 00:00:00 ; elapsed = 00:00:00.003 . Memory (MB): peak = 2289.855 ; gain = 0.000
Write Physdb Complete: Time (s): cpu = 00:00:00 ; elapsed = 00:00:00.040 . Memory (MB): peak = 2289.855 ; gain = 0.000
INFO: [Common 17-1381] The checkpoint 'D:/Coding/vivado-projects/NYCU/DLab/lab05/lab5_for_student.runs/impl_1/lab5_routed.dcp' has been generated.
Command: write_bitstream -force lab5.bit
Attempting to get a license for feature 'Implementation' and/or device 'xc7a35ti'
INFO: [Common 17-349] Got license for feature 'Implementation' and/or device 'xc7a35ti'
Running DRC as a precondition to command write_bitstream
INFO: [IP_Flow 19-1839] IP Catalog is up to date.
INFO: [DRC 23-27] Running DRC with 2 threads
WARNING: [DRC PDRC-153] Gated clock check: Net row_A_reg[32]_LDC_i_1_n_0 is a gated clock net sourced by a combinational pin row_A_reg[32]_LDC_i_1/O, cell row_A_reg[32]_LDC_i_1. This is not good design practice and will likely impact performance. For SLICE registers, for example, use the CE pin to control the loading of data.
WARNING: [DRC PDRC-153] Gated clock check: Net row_A_reg[33]_LDC_i_1_n_0 is a gated clock net sourced by a combinational pin row_A_reg[33]_LDC_i_1/O, cell row_A_reg[33]_LDC_i_1. This is not good design practice and will likely impact performance. For SLICE registers, for example, use the CE pin to control the loading of data.
WARNING: [DRC PDRC-153] Gated clock check: Net row_A_reg[34]_LDC_i_1_n_0 is a gated clock net sourced by a combinational pin row_A_reg[34]_LDC_i_1/O, cell row_A_reg[34]_LDC_i_1. This is not good design practice and will likely impact performance. For SLICE registers, for example, use the CE pin to control the loading of data.
WARNING: [DRC PDRC-153] Gated clock check: Net row_A_reg[35]_LDC_i_1_n_0 is a gated clock net sourced by a combinational pin row_A_reg[35]_LDC_i_1/O, cell row_A_reg[35]_LDC_i_1. This is not good design practice and will likely impact performance. For SLICE registers, for example, use the CE pin to control the loading of data.
WARNING: [DRC PDRC-153] Gated clock check: Net row_A_reg[64]_LDC_i_1_n_0 is a gated clock net sourced by a combinational pin row_A_reg[64]_LDC_i_1/O, cell row_A_reg[64]_LDC_i_1. This is not good design practice and will likely impact performance. For SLICE registers, for example, use the CE pin to control the loading of data.
WARNING: [DRC PDRC-153] Gated clock check: Net row_A_reg[65]_LDC_i_1_n_0 is a gated clock net sourced by a combinational pin row_A_reg[65]_LDC_i_1/O, cell row_A_reg[65]_LDC_i_1. This is not good design practice and will likely impact performance. For SLICE registers, for example, use the CE pin to control the loading of data.
WARNING: [DRC PDRC-153] Gated clock check: Net row_A_reg[66]_LDC_i_1_n_0 is a gated clock net sourced by a combinational pin row_A_reg[66]_LDC_i_1/O, cell row_A_reg[66]_LDC_i_1. This is not good design practice and will likely impact performance. For SLICE registers, for example, use the CE pin to control the loading of data.
WARNING: [DRC PDRC-153] Gated clock check: Net row_A_reg[67]_LDC_i_1_n_0 is a gated clock net sourced by a combinational pin row_A_reg[67]_LDC_i_1/O, cell row_A_reg[67]_LDC_i_1. This is not good design practice and will likely impact performance. For SLICE registers, for example, use the CE pin to control the loading of data.
WARNING: [DRC PDRC-153] Gated clock check: Net row_A_reg[96]_LDC_i_1_n_0 is a gated clock net sourced by a combinational pin row_A_reg[96]_LDC_i_1/O, cell row_A_reg[96]_LDC_i_1. This is not good design practice and will likely impact performance. For SLICE registers, for example, use the CE pin to control the loading of data.
WARNING: [DRC PDRC-153] Gated clock check: Net row_A_reg[97]_LDC_i_1_n_0 is a gated clock net sourced by a combinational pin row_A_reg[97]_LDC_i_1/O, cell row_A_reg[97]_LDC_i_1. This is not good design practice and will likely impact performance. For SLICE registers, for example, use the CE pin to control the loading of data.
WARNING: [DRC PDRC-153] Gated clock check: Net row_A_reg[98]_LDC_i_1_n_0 is a gated clock net sourced by a combinational pin row_A_reg[98]_LDC_i_1/O, cell row_A_reg[98]_LDC_i_1. This is not good design practice and will likely impact performance. For SLICE registers, for example, use the CE pin to control the loading of data.
WARNING: [DRC PDRC-153] Gated clock check: Net row_A_reg[99]_LDC_i_1_n_0 is a gated clock net sourced by a combinational pin row_A_reg[99]_LDC_i_1/O, cell row_A_reg[99]_LDC_i_1. This is not good design practice and will likely impact performance. For SLICE registers, for example, use the CE pin to control the loading of data.
WARNING: [DRC PDRC-153] Gated clock check: Net row_B_reg[32]_LDC_i_1_n_0 is a gated clock net sourced by a combinational pin row_B_reg[32]_LDC_i_1/O, cell row_B_reg[32]_LDC_i_1. This is not good design practice and will likely impact performance. For SLICE registers, for example, use the CE pin to control the loading of data.
WARNING: [DRC PDRC-153] Gated clock check: Net row_B_reg[33]_LDC_i_1_n_0 is a gated clock net sourced by a combinational pin row_B_reg[33]_LDC_i_1/O, cell row_B_reg[33]_LDC_i_1. This is not good design practice and will likely impact performance. For SLICE registers, for example, use the CE pin to control the loading of data.
WARNING: [DRC PDRC-153] Gated clock check: Net row_B_reg[34]_LDC_i_1_n_0 is a gated clock net sourced by a combinational pin row_B_reg[34]_LDC_i_1/O, cell row_B_reg[34]_LDC_i_1. This is not good design practice and will likely impact performance. For SLICE registers, for example, use the CE pin to control the loading of data.
WARNING: [DRC PDRC-153] Gated clock check: Net row_B_reg[35]_LDC_i_1_n_0 is a gated clock net sourced by a combinational pin row_B_reg[35]_LDC_i_1/O, cell row_B_reg[35]_LDC_i_1. This is not good design practice and will likely impact performance. For SLICE registers, for example, use the CE pin to control the loading of data.
WARNING: [DRC PDRC-153] Gated clock check: Net row_B_reg[64]_LDC_i_1_n_0 is a gated clock net sourced by a combinational pin row_B_reg[64]_LDC_i_1/O, cell row_B_reg[64]_LDC_i_1. This is not good design practice and will likely impact performance. For SLICE registers, for example, use the CE pin to control the loading of data.
WARNING: [DRC PDRC-153] Gated clock check: Net row_B_reg[65]_LDC_i_1_n_0 is a gated clock net sourced by a combinational pin row_B_reg[65]_LDC_i_1/O, cell row_B_reg[65]_LDC_i_1. This is not good design practice and will likely impact performance. For SLICE registers, for example, use the CE pin to control the loading of data.
WARNING: [DRC PDRC-153] Gated clock check: Net row_B_reg[66]_LDC_i_1_n_0 is a gated clock net sourced by a combinational pin row_B_reg[66]_LDC_i_1/O, cell row_B_reg[66]_LDC_i_1. This is not good design practice and will likely impact performance. For SLICE registers, for example, use the CE pin to control the loading of data.
WARNING: [DRC PDRC-153] Gated clock check: Net row_B_reg[67]_LDC_i_1_n_0 is a gated clock net sourced by a combinational pin row_B_reg[67]_LDC_i_1/O, cell row_B_reg[67]_LDC_i_1. This is not good design practice and will likely impact performance. For SLICE registers, for example, use the CE pin to control the loading of data.
WARNING: [DRC PDRC-153] Gated clock check: Net row_B_reg[96]_LDC_i_1_n_0 is a gated clock net sourced by a combinational pin row_B_reg[96]_LDC_i_1/O, cell row_B_reg[96]_LDC_i_1. This is not good design practice and will likely impact performance. For SLICE registers, for example, use the CE pin to control the loading of data.
WARNING: [DRC PDRC-153] Gated clock check: Net row_B_reg[97]_LDC_i_1_n_0 is a gated clock net sourced by a combinational pin row_B_reg[97]_LDC_i_1/O, cell row_B_reg[97]_LDC_i_1. This is not good design practice and will likely impact performance. For SLICE registers, for example, use the CE pin to control the loading of data.
WARNING: [DRC PDRC-153] Gated clock check: Net row_B_reg[98]_LDC_i_1_n_0 is a gated clock net sourced by a combinational pin row_B_reg[98]_LDC_i_1/O, cell row_B_reg[98]_LDC_i_1. This is not good design practice and will likely impact performance. For SLICE registers, for example, use the CE pin to control the loading of data.
WARNING: [DRC PDRC-153] Gated clock check: Net row_B_reg[99]_LDC_i_1_n_0 is a gated clock net sourced by a combinational pin row_B_reg[99]_LDC_i_1/O, cell row_B_reg[99]_LDC_i_1. This is not good design practice and will likely impact performance. For SLICE registers, for example, use the CE pin to control the loading of data.
INFO: [Vivado 12-3199] DRC finished with 0 Errors, 24 Warnings
INFO: [Vivado 12-3200] Please refer to the DRC report (report_drc) for more information.
INFO: [Designutils 20-2272] Running write_bitstream with 2 threads.
Loading data files...
Loading site data...
Loading route data...
Processing options...
Creating bitmap...
Creating bitstream...
Writing bitstream ./lab5.bit...
INFO: [Vivado 12-1842] Bitgen Completed Successfully.
INFO: [Project 1-1876] WebTalk data collection is mandatory when using a ULT device. To see the specific WebTalk data collected for your design, open the usage_statistics_webtalk.html or usage_statistics_webtalk.xml file in the implementation directory.
INFO: [Common 17-83] Releasing license: Implementation
121 Infos, 26 Warnings, 0 Critical Warnings and 0 Errors encountered.
write_bitstream completed successfully
write_bitstream: Time (s): cpu = 00:00:02 ; elapsed = 00:00:05 . Memory (MB): peak = 2715.484 ; gain = 425.629
INFO: [Common 17-206] Exiting Vivado at Tue Oct  8 04:38:10 2024...
