Time resolution is 1 ps
                           OPCODE     DATA      ACCUM  |  ALU_OUT         ZERO      OVERFLOW      PARITY      SIGN
===============================================================================================================================
ADD:  127 +    1 =  127
ADD OPERATION       :      001     00000001   01111111  |   01111111          0          1          1          0

                           OPCODE     DATA      ACCUM  |  ALU_OUT         ZERO      OVERFLOW      PARITY      SIGN
===============================================================================================================================
SUB: -128 -   -1 = -127
SUB OPERATION       :      010     11111111   10000000  |   10000001          0          0          0          1

                           OPCODE     DATA      ACCUM  |  ALU_OUT         ZERO      OVERFLOW      PARITY      SIGN
===============================================================================================================================
MUL:   7 *  -4 =  -28
MUL OPERATION       :      110     11111100   00000111  |   11100100          0          0          0          1

Testcase PASSA-1 (50 => 50)
                           OPCODE     DATA      ACCUM  |  ALU_OUT         ZERO      OVERFLOW      PARITY      SIGN
===============================================================================================================================
PASSA:   50 =>   50
PASS ACCUM OPERATION:      000     00110010   00110010  |   00110010          0          0          1          0

Testcase PASSA-2 (-50 => -50)
                           OPCODE     DATA      ACCUM  |  ALU_OUT         ZERO      OVERFLOW      PARITY      SIGN
===============================================================================================================================
PASSA:  -50 =>  -50
PASS ACCUM OPERATION:      000     00110010   11001110  |   11001110          0          0          1          1

Testcase PASSA-3 (0 => 0)
                           OPCODE     DATA      ACCUM  |  ALU_OUT         ZERO      OVERFLOW      PARITY      SIGN
===============================================================================================================================
PASSA:    0 =>    0
PASS ACCUM OPERATION:      000     00000000   00000000  |   00000000          1          0          0          0

Testcase ADD-1 (55 + 5 = 60)
                           OPCODE     DATA      ACCUM  |  ALU_OUT         ZERO      OVERFLOW      PARITY      SIGN
===============================================================================================================================
ADD:   55 +    5 =   60
ADD OPERATION       :      001     00000101   00110111  |   00111100          0          0          0          0

Testcase ADD-2 (-128 + 30 = -98)
                           OPCODE     DATA      ACCUM  |  ALU_OUT         ZERO      OVERFLOW      PARITY      SIGN
===============================================================================================================================
ADD: -128 +   30 =  -98
ADD OPERATION       :      001     00011110   10000000  |   10011110          0          0          1          1

Testcase ADD-3 (-10 + 10 = 0)
                           OPCODE     DATA      ACCUM  |  ALU_OUT         ZERO      OVERFLOW      PARITY      SIGN
===============================================================================================================================
ADD:  -10 +   10 =    0
ADD OPERATION       :      001     00001010   11110110  |   00000000          1          0          0          0

Testcase ADD-4 (127 + 1 = 127)
                           OPCODE     DATA      ACCUM  |  ALU_OUT         ZERO      OVERFLOW      PARITY      SIGN
===============================================================================================================================
ADD:  127 +    1 =  127
ADD OPERATION       :      001     00000001   01111111  |   01111111          0          1          1          0

Testcase ADD-5 (-128 + -1 = -128)
                           OPCODE     DATA      ACCUM  |  ALU_OUT         ZERO      OVERFLOW      PARITY      SIGN
===============================================================================================================================
ADD: -128 +   -1 = -128
ADD OPERATION       :      001     11111111   10000000  |   10000000          0          1          1          1

Testcase SUB-1 (-10 - 5 = -15)
                           OPCODE     DATA      ACCUM  |  ALU_OUT         ZERO      OVERFLOW      PARITY      SIGN
===============================================================================================================================
SUB:  -10 -    5 =  -15
SUB OPERATION       :      010     00000101   11110110  |   11110001          0          0          1          1

Testcase SUB-2 (30 - 20 = 10)
                           OPCODE     DATA      ACCUM  |  ALU_OUT         ZERO      OVERFLOW      PARITY      SIGN
===============================================================================================================================
SUB:   30 -   20 =   10
SUB OPERATION       :      010     00010100   00011110  |   00001010          0          0          0          0

Testcase SUB-3 (10 - 10 = 0)
                           OPCODE     DATA      ACCUM  |  ALU_OUT         ZERO      OVERFLOW      PARITY      SIGN
===============================================================================================================================
SUB:   10 -   10 =    0
SUB OPERATION       :      010     00001010   00001010  |   00000000          1          0          0          0

Testcase SUB-4 (127 - (-1) = 127)
                           OPCODE     DATA      ACCUM  |  ALU_OUT         ZERO      OVERFLOW      PARITY      SIGN
===============================================================================================================================
SUB:  127 -   -1 =  127
SUB OPERATION       :      010     11111111   01111111  |   01111111          0          1          1          0

Testcase SUB-5 (-128 - 1 = -128)
                           OPCODE     DATA      ACCUM  |  ALU_OUT         ZERO      OVERFLOW      PARITY      SIGN
===============================================================================================================================
SUB: -128 -    1 = -128
SUB OPERATION       :      010     00000001   10000000  |   10000000          0          1          1          1

Testcase SHIFT-1 (50 >>> 2 = 12)
                           OPCODE     DATA      ACCUM  |  ALU_OUT         ZERO      OVERFLOW      PARITY      SIGN
===============================================================================================================================
SHIFT:   50 >>>    2 =   12
SHIFT OPERATION       :      011     00000010   00110010  |   00001100          0          0          0          0

Testcase SHIFT-2 (-40 >>> 3 = -5)
                           OPCODE     DATA      ACCUM  |  ALU_OUT         ZERO      OVERFLOW      PARITY      SIGN
===============================================================================================================================
SHIFT:  -40 >>>    3 =   -5
SHIFT OPERATION       :      011     00000011   11011000  |   11111011          0          0          1          1

Testcase XOR-1 (50 ^ 20 = 38)
                           OPCODE     DATA      ACCUM  |  ALU_OUT         ZERO      OVERFLOW      PARITY      SIGN
===============================================================================================================================
XOR:   50 ^   20 =   38
XOR OPERATION       :      100     00010100   00110010  |   00100110          0          0          1          0

Testcase XOR-2 (-30 ^ 15 = -19)
                           OPCODE     DATA      ACCUM  |  ALU_OUT         ZERO      OVERFLOW      PARITY      SIGN
===============================================================================================================================
XOR:  -30 ^   15 =  -19
XOR OPERATION       :      100     00001111   11100010  |   11101101          0          0          0          1

Testcase ABS-1 (abs(-50) = 50)
                           OPCODE     DATA      ACCUM  |  ALU_OUT         ZERO      OVERFLOW      PARITY      SIGN
===============================================================================================================================
ABS: abs( -50) =   50
ABS OPERATION       :      101     00000000   11001110  |   00110010          0          0          1          0

Testcase ABS-2 (abs(50) = 50)
                           OPCODE     DATA      ACCUM  |  ALU_OUT         ZERO      OVERFLOW      PARITY      SIGN
===============================================================================================================================
ABS: abs(  50) =   50
ABS OPERATION       :      101     00000000   00110010  |   00110010          0          0          1          0

Testcase ABS-3 (abs(0) = 0)
                           OPCODE     DATA      ACCUM  |  ALU_OUT         ZERO      OVERFLOW      PARITY      SIGN
===============================================================================================================================
ABS: abs(   0) =    0
ABS OPERATION       :      101     00000000   00000000  |   00000000          1          0          0          0

Testcase MUL-1 (7 * 7 = 49)
                           OPCODE     DATA      ACCUM  |  ALU_OUT         ZERO      OVERFLOW      PARITY      SIGN
===============================================================================================================================
MUL:   7 *   7 =   49
MUL OPERATION       :      110     00000111   00000111  |   00110001          0          0          1          0

Testcase MUL-2 ((-8) * (-8) = 64)
                           OPCODE     DATA      ACCUM  |  ALU_OUT         ZERO      OVERFLOW      PARITY      SIGN
===============================================================================================================================
MUL:  -8 *  -8 =   64
MUL OPERATION       :      110     00001000   00001000  |   01000000          0          0          1          0

Testcase MUL-3 (7 * (-8) = -56)
                           OPCODE     DATA      ACCUM  |  ALU_OUT         ZERO      OVERFLOW      PARITY      SIGN
===============================================================================================================================
MUL:   7 *  -8 =  -56
MUL OPERATION       :      110     00001000   00000111  |   11001000          0          0          1          1

Testcase FLIPSIGN-1 (-50 => 50)
                           OPCODE     DATA      ACCUM  |  ALU_OUT         ZERO      OVERFLOW      PARITY      SIGN
===============================================================================================================================
FLIPSIGN:  -50 =>   50
FLIPSIGN OPERATION :      111     00000000   11001110  |   00110010          0          0          1          0

Testcase FLIPSIGN-2 (50 => -50)
                           OPCODE     DATA      ACCUM  |  ALU_OUT         ZERO      OVERFLOW      PARITY      SIGN
===============================================================================================================================
FLIPSIGN:   50 =>  -50
FLIPSIGN OPERATION :      111     00000000   00110010  |   11001110          0          0          1          1

Testcase FLIPSIGN-3 (0 => 0)
                           OPCODE     DATA      ACCUM  |  ALU_OUT         ZERO      OVERFLOW      PARITY      SIGN
===============================================================================================================================
FLIPSIGN:    0 =>    0
FLIPSIGN OPERATION :      111     00000000   00000000  |   00000000          1          0          0          0

Testcase UNKNOWN (UNKNOWN OPERATION)
                           OPCODE     DATA      ACCUM  |  ALU_OUT         ZERO      OVERFLOW      PARITY      SIGN
===============================================================================================================================
UNKNOWN OPERATION   :      xxx     00000000   00000000  |   00000000          1          0          0          0

