Copyright 1986-2022 Xilinx, Inc. All Rights Reserved. Copyright 2022-2024 Advanced Micro Devices, Inc. All Rights Reserved.
---------------------------------------------------------------------------------------------------------------------------------------------
| Tool Version : Vivado v.2024.1 (win64) Build 5076996 Wed May 22 18:37:14 MDT 2024
| Date         : Thu Oct 17 19:38:35 2024
| Host         : DESKTOP-QI5ML8H running 64-bit major release  (build 9200)
| Command      : report_control_sets -verbose -file lab6_control_sets_placed.rpt
| Design       : lab6
| Device       : xc7a35ti
---------------------------------------------------------------------------------------------------------------------------------------------

Control Set Information

Table of Contents
-----------------
1. Summary
2. Histogram
3. Flip-Flop Distribution
4. Detailed Control Set Information

1. Summary
----------

+----------------------------------------------------------+-------+
|                          Status                          | Count |
+----------------------------------------------------------+-------+
| Total control sets                                       |    10 |
|    Minimum number of control sets                        |    10 |
|    Addition due to synthesis replication                 |     0 |
|    Addition due to physical synthesis replication        |     0 |
| Unused register locations in slices containing registers |    26 |
+----------------------------------------------------------+-------+
* Control sets can be merged at opt_design using control_set_merge or merge_equivalent_drivers
** Run report_qor_suggestions for automated merging and remapping suggestions


2. Histogram
------------

+--------------------+-------+
|       Fanout       | Count |
+--------------------+-------+
| Total control sets |    10 |
| >= 0 to < 4        |     0 |
| >= 4 to < 6        |     2 |
| >= 6 to < 8        |     2 |
| >= 8 to < 10       |     0 |
| >= 10 to < 12      |     0 |
| >= 12 to < 14      |     1 |
| >= 14 to < 16      |     0 |
| >= 16              |     5 |
+--------------------+-------+
* Control sets can be remapped at either synth_design or opt_design


3. Flip-Flop Distribution
-------------------------

+--------------+-----------------------+------------------------+-----------------+--------------+
| Clock Enable | Synchronous Set/Reset | Asynchronous Set/Reset | Total Registers | Total Slices |
+--------------+-----------------------+------------------------+-----------------+--------------+
| No           | No                    | No                     |               0 |            0 |
| No           | No                    | Yes                    |               0 |            0 |
| No           | Yes                   | No                     |              71 |           20 |
| Yes          | No                    | No                     |               8 |            3 |
| Yes          | No                    | Yes                    |               0 |            0 |
| Yes          | Yes                   | No                     |             111 |           30 |
+--------------+-----------------------+------------------------+-----------------+--------------+


4. Detailed Control Set Information
-----------------------------------

+----------------+------------------------------+----------------------------+------------------+----------------+--------------+
|  Clock Signal  |         Enable Signal        |      Set/Reset Signal      | Slice Load Count | Bel Load Count | Bels / Slice |
+----------------+------------------------------+----------------------------+------------------+----------------+--------------+
|  clk_IBUF_BUFG | lcd0/tcode[3]_i_1_n_0        |                            |                2 |              4 |         2.00 |
|  clk_IBUF_BUFG | lcd0/icode                   |                            |                1 |              4 |         4.00 |
|  clk_IBUF_BUFG |                              | lcd0/SR[0]                 |                4 |              7 |         1.75 |
|  clk_IBUF_BUFG | lcd0/lcd_initialized_reg_n_0 | lcd0/SR[0]                 |                3 |              7 |         2.33 |
|  clk_IBUF_BUFG | btn_db0/sel                  | lcd0/SR[0]                 |                3 |             12 |         4.00 |
|  clk_IBUF_BUFG | lcd0/lcd_initialized_reg_n_0 | lcd0/text_count[0]_i_1_n_0 |                7 |             25 |         3.57 |
|  clk_IBUF_BUFG |                              | btn_db0/counter[0]_i_1_n_0 |                8 |             32 |         4.00 |
|  clk_IBUF_BUFG |                              | btn_db1/clear              |                8 |             32 |         4.00 |
|  clk_IBUF_BUFG | lcd0/init_e_i_1_n_0          | lcd0/SR[0]                 |                7 |             32 |         4.57 |
|  clk_IBUF_BUFG | FSM_onehot_P_reg_n_0_[2]     | lcd0/SR[0]                 |               10 |             35 |         3.50 |
+----------------+------------------------------+----------------------------+------------------+----------------+--------------+


